<?xml version="1.0" encoding="UTF-8"?>
<testsuite xmlns:xsi="http://www.w3.org/2001/XMLSchema-instance" xsi:noNamespaceSchemaLocation="https://maven.apache.org/surefire/maven-surefire-plugin/xsd/surefire-test-report.xsd" name="mflix.lessons.MongoClientLesson" time="44.915" tests="4" errors="0" skipped="0" failures="2">
  <properties>
    <property name="sun.desktop" value="windows"/>
    <property name="awt.toolkit" value="sun.awt.windows.WToolkit"/>
    <property name="java.specification.version" value="10"/>
    <property name="file.encoding.pkg" value="sun.io"/>
    <property name="sun.cpu.isalist" value="amd64"/>
    <property name="sun.jnu.encoding" value="Cp1252"/>
    <property name="java.class.path" value="F:\Projects\mongo Courser\mflix\target\test-classes;F:\Projects\mongo Courser\mflix\target\classes;C:\Users\Prem Dhadkar\.m2\repository\org\springframework\boot\spring-boot-starter-web\2.0.3.RELEASE\spring-boot-starter-web-2.0.3.RELEASE.jar;C:\Users\Prem Dhadkar\.m2\repository\org\springframework\boot\spring-boot-starter\2.0.3.RELEASE\spring-boot-starter-2.0.3.RELEASE.jar;C:\Users\Prem Dhadkar\.m2\repository\org\springframework\boot\spring-boot-starter-logging\2.0.3.RELEASE\spring-boot-starter-logging-2.0.3.RELEASE.jar;C:\Users\Prem Dhadkar\.m2\repository\ch\qos\logback\logback-classic\1.2.3\logback-classic-1.2.3.jar;C:\Users\Prem Dhadkar\.m2\repository\ch\qos\logback\logback-core\1.2.3\logback-core-1.2.3.jar;C:\Users\Prem Dhadkar\.m2\repository\org\apache\logging\log4j\log4j-to-slf4j\2.10.0\log4j-to-slf4j-2.10.0.jar;C:\Users\Prem Dhadkar\.m2\repository\org\apache\logging\log4j\log4j-api\2.10.0\log4j-api-2.10.0.jar;C:\Users\Prem Dhadkar\.m2\repository\org\slf4j\jul-to-slf4j\1.7.25\jul-to-slf4j-1.7.25.jar;C:\Users\Prem Dhadkar\.m2\repository\javax\annotation\javax.annotation-api\1.3.2\javax.annotation-api-1.3.2.jar;C:\Users\Prem Dhadkar\.m2\repository\org\yaml\snakeyaml\1.19\snakeyaml-1.19.jar;C:\Users\Prem Dhadkar\.m2\repository\org\springframework\boot\spring-boot-starter-json\2.0.3.RELEASE\spring-boot-starter-json-2.0.3.RELEASE.jar;C:\Users\Prem Dhadkar\.m2\repository\com\fasterxml\jackson\datatype\jackson-datatype-jdk8\2.9.6\jackson-datatype-jdk8-2.9.6.jar;C:\Users\Prem Dhadkar\.m2\repository\com\fasterxml\jackson\datatype\jackson-datatype-jsr310\2.9.6\jackson-datatype-jsr310-2.9.6.jar;C:\Users\Prem Dhadkar\.m2\repository\com\fasterxml\jackson\module\jackson-module-parameter-names\2.9.6\jackson-module-parameter-names-2.9.6.jar;C:\Users\Prem Dhadkar\.m2\repository\org\springframework\boot\spring-boot-starter-tomcat\2.0.3.RELEASE\spring-boot-starter-tomcat-2.0.3.RELEASE.jar;C:\Users\Prem Dhadkar\.m2\repository\org\apache\tomcat\embed\tomcat-embed-core\8.5.31\tomcat-embed-core-8.5.31.jar;C:\Users\Prem Dhadkar\.m2\repository\org\apache\tomcat\embed\tomcat-embed-el\8.5.31\tomcat-embed-el-8.5.31.jar;C:\Users\Prem Dhadkar\.m2\repository\org\apache\tomcat\embed\tomcat-embed-websocket\8.5.31\tomcat-embed-websocket-8.5.31.jar;C:\Users\Prem Dhadkar\.m2\repository\org\hibernate\validator\hibernate-validator\6.0.10.Final\hibernate-validator-6.0.10.Final.jar;C:\Users\Prem Dhadkar\.m2\repository\javax\validation\validation-api\2.0.1.Final\validation-api-2.0.1.Final.jar;C:\Users\Prem Dhadkar\.m2\repository\org\jboss\logging\jboss-logging\3.3.2.Final\jboss-logging-3.3.2.Final.jar;C:\Users\Prem Dhadkar\.m2\repository\com\fasterxml\classmate\1.3.4\classmate-1.3.4.jar;C:\Users\Prem Dhadkar\.m2\repository\org\springframework\spring-webmvc\5.0.7.RELEASE\spring-webmvc-5.0.7.RELEASE.jar;C:\Users\Prem Dhadkar\.m2\repository\org\springframework\boot\spring-boot-starter-test\2.0.3.RELEASE\spring-boot-starter-test-2.0.3.RELEASE.jar;C:\Users\Prem Dhadkar\.m2\repository\org\springframework\boot\spring-boot-test\2.0.3.RELEASE\spring-boot-test-2.0.3.RELEASE.jar;C:\Users\Prem Dhadkar\.m2\repository\org\springframework\boot\spring-boot-test-autoconfigure\2.0.3.RELEASE\spring-boot-test-autoconfigure-2.0.3.RELEASE.jar;C:\Users\Prem Dhadkar\.m2\repository\com\jayway\jsonpath\json-path\2.4.0\json-path-2.4.0.jar;C:\Users\Prem Dhadkar\.m2\repository\net\minidev\json-smart\2.3\json-smart-2.3.jar;C:\Users\Prem Dhadkar\.m2\repository\net\minidev\accessors-smart\1.2\accessors-smart-1.2.jar;C:\Users\Prem Dhadkar\.m2\repository\org\ow2\asm\asm\5.0.4\asm-5.0.4.jar;C:\Users\Prem Dhadkar\.m2\repository\org\slf4j\slf4j-api\1.7.25\slf4j-api-1.7.25.jar;C:\Users\Prem Dhadkar\.m2\repository\junit\junit\4.12\junit-4.12.jar;C:\Users\Prem Dhadkar\.m2\repository\org\assertj\assertj-core\3.9.1\assertj-core-3.9.1.jar;C:\Users\Prem Dhadkar\.m2\repository\org\mockito\mockito-core\2.15.0\mockito-core-2.15.0.jar;C:\Users\Prem Dhadkar\.m2\repository\net\bytebuddy\byte-buddy\1.7.9\byte-buddy-1.7.9.jar;C:\Users\Prem Dhadkar\.m2\repository\net\bytebuddy\byte-buddy-agent\1.7.9\byte-buddy-agent-1.7.9.jar;C:\Users\Prem Dhadkar\.m2\repository\org\objenesis\objenesis\2.6\objenesis-2.6.jar;C:\Users\Prem Dhadkar\.m2\repository\org\hamcrest\hamcrest-core\1.3\hamcrest-core-1.3.jar;C:\Users\Prem Dhadkar\.m2\repository\org\hamcrest\hamcrest-library\1.3\hamcrest-library-1.3.jar;C:\Users\Prem Dhadkar\.m2\repository\org\skyscreamer\jsonassert\1.5.0\jsonassert-1.5.0.jar;C:\Users\Prem Dhadkar\.m2\repository\com\vaadin\external\google\android-json\0.0.20131108.vaadin1\android-json-0.0.20131108.vaadin1.jar;C:\Users\Prem Dhadkar\.m2\repository\org\springframework\spring-test\5.0.7.RELEASE\spring-test-5.0.7.RELEASE.jar;C:\Users\Prem Dhadkar\.m2\repository\org\xmlunit\xmlunit-core\2.5.1\xmlunit-core-2.5.1.jar;C:\Users\Prem Dhadkar\.m2\repository\org\springframework\boot\spring-boot-starter-security\2.0.4.RELEASE\spring-boot-starter-security-2.0.4.RELEASE.jar;C:\Users\Prem Dhadkar\.m2\repository\org\springframework\spring-aop\5.0.8.RELEASE\spring-aop-5.0.8.RELEASE.jar;C:\Users\Prem Dhadkar\.m2\repository\org\springframework\security\spring-security-config\5.0.7.RELEASE\spring-security-config-5.0.7.RELEASE.jar;C:\Users\Prem Dhadkar\.m2\repository\org\springframework\security\spring-security-core\5.0.7.RELEASE\spring-security-core-5.0.7.RELEASE.jar;C:\Users\Prem Dhadkar\.m2\repository\org\springframework\security\spring-security-web\5.0.7.RELEASE\spring-security-web-5.0.7.RELEASE.jar;C:\Users\Prem Dhadkar\.m2\repository\org\springframework\boot\spring-boot\2.0.4.RELEASE\spring-boot-2.0.4.RELEASE.jar;C:\Users\Prem Dhadkar\.m2\repository\org\springframework\spring-context\5.0.7.RELEASE\spring-context-5.0.7.RELEASE.jar;C:\Users\Prem Dhadkar\.m2\repository\org\springframework\spring-beans\5.0.7.RELEASE\spring-beans-5.0.7.RELEASE.jar;C:\Users\Prem Dhadkar\.m2\repository\org\springframework\spring-expression\5.0.7.RELEASE\spring-expression-5.0.7.RELEASE.jar;C:\Users\Prem Dhadkar\.m2\repository\org\springframework\spring-core\5.0.7.RELEASE\spring-core-5.0.7.RELEASE.jar;C:\Users\Prem Dhadkar\.m2\repository\org\springframework\spring-jcl\5.0.7.RELEASE\spring-jcl-5.0.7.RELEASE.jar;C:\Users\Prem Dhadkar\.m2\repository\org\springframework\boot\spring-boot-autoconfigure\2.0.3.RELEASE\spring-boot-autoconfigure-2.0.3.RELEASE.jar;C:\Users\Prem Dhadkar\.m2\repository\org\springframework\spring-web\5.0.7.RELEASE\spring-web-5.0.7.RELEASE.jar;C:\Users\Prem Dhadkar\.m2\repository\io\jsonwebtoken\jjwt\0.9.1\jjwt-0.9.1.jar;C:\Users\Prem Dhadkar\.m2\repository\com\fasterxml\jackson\core\jackson-databind\2.9.6\jackson-databind-2.9.6.jar;C:\Users\Prem Dhadkar\.m2\repository\com\fasterxml\jackson\core\jackson-annotations\2.9.0\jackson-annotations-2.9.0.jar;C:\Users\Prem Dhadkar\.m2\repository\com\fasterxml\jackson\core\jackson-core\2.9.6\jackson-core-2.9.6.jar;C:\Users\Prem Dhadkar\.m2\repository\org\junit\jupiter\junit-jupiter-api\5.1.0\junit-jupiter-api-5.1.0.jar;C:\Users\Prem Dhadkar\.m2\repository\org\apiguardian\apiguardian-api\1.0.0\apiguardian-api-1.0.0.jar;C:\Users\Prem Dhadkar\.m2\repository\org\opentest4j\opentest4j\1.0.0\opentest4j-1.0.0.jar;C:\Users\Prem Dhadkar\.m2\repository\org\junit\platform\junit-platform-commons\1.1.0\junit-platform-commons-1.1.0.jar;C:\Users\Prem Dhadkar\.m2\repository\org\mongodb\mongodb-driver-sync\3.9.1\mongodb-driver-sync-3.9.1.jar;C:\Users\Prem Dhadkar\.m2\repository\org\mongodb\bson\3.9.1\bson-3.9.1.jar;C:\Users\Prem Dhadkar\.m2\repository\org\mongodb\mongodb-driver-core\3.9.1\mongodb-driver-core-3.9.1.jar;"/>
    <property name="java.vm.vendor" value="&quot;Oracle Corporation&quot;"/>
    <property name="sun.arch.data.model" value="64"/>
    <property name="user.variant" value=""/>
    <property name="java.vendor.url" value="http://java.oracle.com/"/>
    <property name="user.timezone" value="Asia/Calcutta"/>
    <property name="java.vm.specification.version" value="10"/>
    <property name="os.name" value="Windows 10"/>
    <property name="sun.java.launcher" value="SUN_STANDARD"/>
    <property name="user.country" value="IN"/>
    <property name="sun.boot.library.path" value="C:\Program Files\Java\jdk-10.0.2\bin"/>
    <property name="sun.java.command" value="C:\Users\PREMDH~1\AppData\Local\Temp\surefire6261119106370581928\surefirebooter2695840094306747032.jar C:\Users\Prem Dhadkar\AppData\Local\Temp\surefire6261119106370581928 2019-08-24T05-10-11_479-jvmRun1 surefire12895247097942963656tmp surefire_09274842641009169800tmp"/>
    <property name="jdk.debug" value="release"/>
    <property name="test" value="MongoClientLesson"/>
    <property name="surefire.test.class.path" value="F:\Projects\mongo Courser\mflix\target\test-classes;F:\Projects\mongo Courser\mflix\target\classes;C:\Users\Prem Dhadkar\.m2\repository\org\springframework\boot\spring-boot-starter-web\2.0.3.RELEASE\spring-boot-starter-web-2.0.3.RELEASE.jar;C:\Users\Prem Dhadkar\.m2\repository\org\springframework\boot\spring-boot-starter\2.0.3.RELEASE\spring-boot-starter-2.0.3.RELEASE.jar;C:\Users\Prem Dhadkar\.m2\repository\org\springframework\boot\spring-boot-starter-logging\2.0.3.RELEASE\spring-boot-starter-logging-2.0.3.RELEASE.jar;C:\Users\Prem Dhadkar\.m2\repository\ch\qos\logback\logback-classic\1.2.3\logback-classic-1.2.3.jar;C:\Users\Prem Dhadkar\.m2\repository\ch\qos\logback\logback-core\1.2.3\logback-core-1.2.3.jar;C:\Users\Prem Dhadkar\.m2\repository\org\apache\logging\log4j\log4j-to-slf4j\2.10.0\log4j-to-slf4j-2.10.0.jar;C:\Users\Prem Dhadkar\.m2\repository\org\apache\logging\log4j\log4j-api\2.10.0\log4j-api-2.10.0.jar;C:\Users\Prem Dhadkar\.m2\repository\org\slf4j\jul-to-slf4j\1.7.25\jul-to-slf4j-1.7.25.jar;C:\Users\Prem Dhadkar\.m2\repository\javax\annotation\javax.annotation-api\1.3.2\javax.annotation-api-1.3.2.jar;C:\Users\Prem Dhadkar\.m2\repository\org\yaml\snakeyaml\1.19\snakeyaml-1.19.jar;C:\Users\Prem Dhadkar\.m2\repository\org\springframework\boot\spring-boot-starter-json\2.0.3.RELEASE\spring-boot-starter-json-2.0.3.RELEASE.jar;C:\Users\Prem Dhadkar\.m2\repository\com\fasterxml\jackson\datatype\jackson-datatype-jdk8\2.9.6\jackson-datatype-jdk8-2.9.6.jar;C:\Users\Prem Dhadkar\.m2\repository\com\fasterxml\jackson\datatype\jackson-datatype-jsr310\2.9.6\jackson-datatype-jsr310-2.9.6.jar;C:\Users\Prem Dhadkar\.m2\repository\com\fasterxml\jackson\module\jackson-module-parameter-names\2.9.6\jackson-module-parameter-names-2.9.6.jar;C:\Users\Prem Dhadkar\.m2\repository\org\springframework\boot\spring-boot-starter-tomcat\2.0.3.RELEASE\spring-boot-starter-tomcat-2.0.3.RELEASE.jar;C:\Users\Prem Dhadkar\.m2\repository\org\apache\tomcat\embed\tomcat-embed-core\8.5.31\tomcat-embed-core-8.5.31.jar;C:\Users\Prem Dhadkar\.m2\repository\org\apache\tomcat\embed\tomcat-embed-el\8.5.31\tomcat-embed-el-8.5.31.jar;C:\Users\Prem Dhadkar\.m2\repository\org\apache\tomcat\embed\tomcat-embed-websocket\8.5.31\tomcat-embed-websocket-8.5.31.jar;C:\Users\Prem Dhadkar\.m2\repository\org\hibernate\validator\hibernate-validator\6.0.10.Final\hibernate-validator-6.0.10.Final.jar;C:\Users\Prem Dhadkar\.m2\repository\javax\validation\validation-api\2.0.1.Final\validation-api-2.0.1.Final.jar;C:\Users\Prem Dhadkar\.m2\repository\org\jboss\logging\jboss-logging\3.3.2.Final\jboss-logging-3.3.2.Final.jar;C:\Users\Prem Dhadkar\.m2\repository\com\fasterxml\classmate\1.3.4\classmate-1.3.4.jar;C:\Users\Prem Dhadkar\.m2\repository\org\springframework\spring-webmvc\5.0.7.RELEASE\spring-webmvc-5.0.7.RELEASE.jar;C:\Users\Prem Dhadkar\.m2\repository\org\springframework\boot\spring-boot-starter-test\2.0.3.RELEASE\spring-boot-starter-test-2.0.3.RELEASE.jar;C:\Users\Prem Dhadkar\.m2\repository\org\springframework\boot\spring-boot-test\2.0.3.RELEASE\spring-boot-test-2.0.3.RELEASE.jar;C:\Users\Prem Dhadkar\.m2\repository\org\springframework\boot\spring-boot-test-autoconfigure\2.0.3.RELEASE\spring-boot-test-autoconfigure-2.0.3.RELEASE.jar;C:\Users\Prem Dhadkar\.m2\repository\com\jayway\jsonpath\json-path\2.4.0\json-path-2.4.0.jar;C:\Users\Prem Dhadkar\.m2\repository\net\minidev\json-smart\2.3\json-smart-2.3.jar;C:\Users\Prem Dhadkar\.m2\repository\net\minidev\accessors-smart\1.2\accessors-smart-1.2.jar;C:\Users\Prem Dhadkar\.m2\repository\org\ow2\asm\asm\5.0.4\asm-5.0.4.jar;C:\Users\Prem Dhadkar\.m2\repository\org\slf4j\slf4j-api\1.7.25\slf4j-api-1.7.25.jar;C:\Users\Prem Dhadkar\.m2\repository\junit\junit\4.12\junit-4.12.jar;C:\Users\Prem Dhadkar\.m2\repository\org\assertj\assertj-core\3.9.1\assertj-core-3.9.1.jar;C:\Users\Prem Dhadkar\.m2\repository\org\mockito\mockito-core\2.15.0\mockito-core-2.15.0.jar;C:\Users\Prem Dhadkar\.m2\repository\net\bytebuddy\byte-buddy\1.7.9\byte-buddy-1.7.9.jar;C:\Users\Prem Dhadkar\.m2\repository\net\bytebuddy\byte-buddy-agent\1.7.9\byte-buddy-agent-1.7.9.jar;C:\Users\Prem Dhadkar\.m2\repository\org\objenesis\objenesis\2.6\objenesis-2.6.jar;C:\Users\Prem Dhadkar\.m2\repository\org\hamcrest\hamcrest-core\1.3\hamcrest-core-1.3.jar;C:\Users\Prem Dhadkar\.m2\repository\org\hamcrest\hamcrest-library\1.3\hamcrest-library-1.3.jar;C:\Users\Prem Dhadkar\.m2\repository\org\skyscreamer\jsonassert\1.5.0\jsonassert-1.5.0.jar;C:\Users\Prem Dhadkar\.m2\repository\com\vaadin\external\google\android-json\0.0.20131108.vaadin1\android-json-0.0.20131108.vaadin1.jar;C:\Users\Prem Dhadkar\.m2\repository\org\springframework\spring-test\5.0.7.RELEASE\spring-test-5.0.7.RELEASE.jar;C:\Users\Prem Dhadkar\.m2\repository\org\xmlunit\xmlunit-core\2.5.1\xmlunit-core-2.5.1.jar;C:\Users\Prem Dhadkar\.m2\repository\org\springframework\boot\spring-boot-starter-security\2.0.4.RELEASE\spring-boot-starter-security-2.0.4.RELEASE.jar;C:\Users\Prem Dhadkar\.m2\repository\org\springframework\spring-aop\5.0.8.RELEASE\spring-aop-5.0.8.RELEASE.jar;C:\Users\Prem Dhadkar\.m2\repository\org\springframework\security\spring-security-config\5.0.7.RELEASE\spring-security-config-5.0.7.RELEASE.jar;C:\Users\Prem Dhadkar\.m2\repository\org\springframework\security\spring-security-core\5.0.7.RELEASE\spring-security-core-5.0.7.RELEASE.jar;C:\Users\Prem Dhadkar\.m2\repository\org\springframework\security\spring-security-web\5.0.7.RELEASE\spring-security-web-5.0.7.RELEASE.jar;C:\Users\Prem Dhadkar\.m2\repository\org\springframework\boot\spring-boot\2.0.4.RELEASE\spring-boot-2.0.4.RELEASE.jar;C:\Users\Prem Dhadkar\.m2\repository\org\springframework\spring-context\5.0.7.RELEASE\spring-context-5.0.7.RELEASE.jar;C:\Users\Prem Dhadkar\.m2\repository\org\springframework\spring-beans\5.0.7.RELEASE\spring-beans-5.0.7.RELEASE.jar;C:\Users\Prem Dhadkar\.m2\repository\org\springframework\spring-expression\5.0.7.RELEASE\spring-expression-5.0.7.RELEASE.jar;C:\Users\Prem Dhadkar\.m2\repository\org\springframework\spring-core\5.0.7.RELEASE\spring-core-5.0.7.RELEASE.jar;C:\Users\Prem Dhadkar\.m2\repository\org\springframework\spring-jcl\5.0.7.RELEASE\spring-jcl-5.0.7.RELEASE.jar;C:\Users\Prem Dhadkar\.m2\repository\org\springframework\boot\spring-boot-autoconfigure\2.0.3.RELEASE\spring-boot-autoconfigure-2.0.3.RELEASE.jar;C:\Users\Prem Dhadkar\.m2\repository\org\springframework\spring-web\5.0.7.RELEASE\spring-web-5.0.7.RELEASE.jar;C:\Users\Prem Dhadkar\.m2\repository\io\jsonwebtoken\jjwt\0.9.1\jjwt-0.9.1.jar;C:\Users\Prem Dhadkar\.m2\repository\com\fasterxml\jackson\core\jackson-databind\2.9.6\jackson-databind-2.9.6.jar;C:\Users\Prem Dhadkar\.m2\repository\com\fasterxml\jackson\core\jackson-annotations\2.9.0\jackson-annotations-2.9.0.jar;C:\Users\Prem Dhadkar\.m2\repository\com\fasterxml\jackson\core\jackson-core\2.9.6\jackson-core-2.9.6.jar;C:\Users\Prem Dhadkar\.m2\repository\org\junit\jupiter\junit-jupiter-api\5.1.0\junit-jupiter-api-5.1.0.jar;C:\Users\Prem Dhadkar\.m2\repository\org\apiguardian\apiguardian-api\1.0.0\apiguardian-api-1.0.0.jar;C:\Users\Prem Dhadkar\.m2\repository\org\opentest4j\opentest4j\1.0.0\opentest4j-1.0.0.jar;C:\Users\Prem Dhadkar\.m2\repository\org\junit\platform\junit-platform-commons\1.1.0\junit-platform-commons-1.1.0.jar;C:\Users\Prem Dhadkar\.m2\repository\org\mongodb\mongodb-driver-sync\3.9.1\mongodb-driver-sync-3.9.1.jar;C:\Users\Prem Dhadkar\.m2\repository\org\mongodb\bson\3.9.1\bson-3.9.1.jar;C:\Users\Prem Dhadkar\.m2\repository\org\mongodb\mongodb-driver-core\3.9.1\mongodb-driver-core-3.9.1.jar;"/>
    <property name="sun.cpu.endian" value="little"/>
    <property name="user.home" value="C:\Users\Prem Dhadkar"/>
    <property name="user.language" value="en"/>
    <property name="java.specification.vendor" value="Oracle Corporation"/>
    <property name="java.version.date" value="2018-07-17"/>
    <property name="java.home" value="C:\Program Files\Java\jdk-10.0.2"/>
    <property name="file.separator" value="\"/>
    <property name="basedir" value="F:\Projects\mongo Courser\mflix"/>
    <property name="java.vm.compressedOopsMode" value="32-bit"/>
    <property name="line.separator" value="&#10;"/>
    <property name="java.specification.name" value="Java Platform API Specification"/>
    <property name="java.vm.specification.vendor" value="Oracle Corporation"/>
    <property name="java.awt.graphicsenv" value="sun.awt.Win32GraphicsEnvironment"/>
    <property name="surefire.real.class.path" value="C:\Users\PREMDH~1\AppData\Local\Temp\surefire6261119106370581928\surefirebooter2695840094306747032.jar"/>
    <property name="user.script" value=""/>
    <property name="sun.management.compiler" value="HotSpot 64-Bit Tiered Compilers"/>
    <property name="java.runtime.version" value="10.0.2+13"/>
    <property name="user.name" value="Prem Dhadkar"/>
    <property name="path.separator" value=";"/>
    <property name="os.version" value="10.0"/>
    <property name="java.runtime.name" value="Java(TM) SE Runtime Environment"/>
    <property name="file.encoding" value="Cp1252"/>
    <property name="java.vm.name" value="Java HotSpot(TM) 64-Bit Server VM"/>
    <property name="java.vendor.version" value="18.3"/>
    <property name="localRepository" value="C:\Users\Prem Dhadkar\.m2\repository"/>
    <property name="java.vendor.url.bug" value="http://bugreport.java.com/bugreport/"/>
    <property name="java.io.tmpdir" value="C:\Users\PREMDH~1\AppData\Local\Temp\"/>
    <property name="java.version" value="10.0.2"/>
    <property name="user.dir" value="F:\Projects\mongo Courser\mflix"/>
    <property name="os.arch" value="amd64"/>
    <property name="java.vm.specification.name" value="Java Virtual Machine Specification"/>
    <property name="java.awt.printerjob" value="sun.awt.windows.WPrinterJob"/>
    <property name="sun.os.patch.level" value=""/>
    <property name="java.library.path" value="C:\Program Files\Java\jdk-10.0.2\bin;C:\Windows\Sun\Java\bin;C:\Windows\system32;C:\Windows;C:\Program Files (x86)\Common Files\Oracle\Java\javapath;C:\Windows\system32;C:\Windows;C:\Windows\System32\Wbem;C:\Windows\System32\WindowsPowerShell\v1.0\;C:\Program Files\Git\cmd;C:\Program Files\MongoDB\Server\4.0\bin;C:\Program Files\Java\jdk-10.0.2\bin;C:\Program Files\MariaDB 10.4\bin;C:\Program Files\Java\jdk-10.0.2\bin;C:\opt\apache-maven-3.6.0\bin;C:\Program Files (x86)\Brackets\command;C:\Users\Prem Dhadkar\AppData\Local\Microsoft\WindowsApps;;C:\Program Files\JetBrains\IntelliJ IDEA 2019.2.1\bin;;."/>
    <property name="java.vendor" value="Oracle Corporation"/>
    <property name="java.vm.info" value="mixed mode"/>
    <property name="java.vm.version" value="10.0.2+13"/>
    <property name="sun.io.unicode.encoding" value="UnicodeLittle"/>
    <property name="java.class.version" value="54.0"/>
  </properties>
  <testcase name="DocumentInstance" classname="mflix.lessons.MongoClientLesson" time="7.604"/>
  <testcase name="MongoCollectionInstance" classname="mflix.lessons.MongoClientLesson" time="7.406">
    <failure message="expected:&lt;20&gt; but was:&lt;0&gt;" type="java.lang.AssertionError"><![CDATA[java.lang.AssertionError: expected:<20> but was:<0>
	at mflix.lessons.MongoClientLesson.MongoCollectionInstance(MongoClientLesson.java:176)
]]></failure>
    <system-out><![CDATA[05:10:27.637 [main] INFO org.mongodb.driver.cluster - Cluster created with settings {hosts=[cluster0-shard-00-02-p47vy.mongodb.net:27017, cluster0-shard-00-00-p47vy.mongodb.net:27017, cluster0-shard-00-01-p47vy.mongodb.net:27017], mode=MULTIPLE, requiredClusterType=REPLICA_SET, serverSelectionTimeout='30000 ms', maxWaitQueueSize=500, requiredReplicaSetName='Cluster0-shard-0'}
05:10:27.637 [main] INFO org.mongodb.driver.cluster - Adding discovered server cluster0-shard-00-02-p47vy.mongodb.net:27017 to client view of cluster
05:10:27.637 [main] INFO org.mongodb.driver.cluster - Adding discovered server cluster0-shard-00-00-p47vy.mongodb.net:27017 to client view of cluster
05:10:27.637 [main] INFO org.mongodb.driver.cluster - Adding discovered server cluster0-shard-00-01-p47vy.mongodb.net:27017 to client view of cluster
05:10:27.638 [main] DEBUG org.mongodb.driver.cluster - Updating cluster description to  {type=REPLICA_SET, servers=[{address=cluster0-shard-00-02-p47vy.mongodb.net:27017, type=UNKNOWN, state=CONNECTING}, {address=cluster0-shard-00-01-p47vy.mongodb.net:27017, type=UNKNOWN, state=CONNECTING}, {address=cluster0-shard-00-00-p47vy.mongodb.net:27017, type=UNKNOWN, state=CONNECTING}]
05:10:28.065 [cluster-ClusterId{value='5d60795f5105a11fb0112ea4', description='null'}-cluster0-shard-00-00-p47vy.mongodb.net:27017] DEBUG org.mongodb.driver.cluster - Checking status of cluster0-shard-00-00-p47vy.mongodb.net:27017
05:10:28.066 [cluster-ClusterId{value='5d60795f5105a11fb0112ea4', description='null'}-cluster0-shard-00-00-p47vy.mongodb.net:27017] DEBUG org.mongodb.driver.protocol.command - Sending command '{ "ismaster" : 1, "$db" : "admin", "$clusterTime" : { "clusterTime" : { "$timestamp" : { "t" : 1566623418, "i" : 1 } }, "signature" : { "hash" : { "$binary" : { "base64" : "ivuUcjpKTpBXm3NVh70R8rF7EQw=", "subType" : "00" } }, "keyId" : 6727639972205035521 } } }' with request id 44 to database admin on connection [connectionId{localValue:2, serverValue:33855}] to server cluster0-shard-00-00-p47vy.mongodb.net:27017
05:10:28.067 [cluster-ClusterId{value='5d60795f5105a11fb0112ea4', description='null'}-cluster0-shard-00-02-p47vy.mongodb.net:27017] DEBUG org.mongodb.driver.cluster - Checking status of cluster0-shard-00-02-p47vy.mongodb.net:27017
05:10:28.067 [cluster-ClusterId{value='5d60795f5105a11fb0112ea4', description='null'}-cluster0-shard-00-02-p47vy.mongodb.net:27017] DEBUG org.mongodb.driver.protocol.command - Sending command '{ "ismaster" : 1, "$db" : "admin", "$clusterTime" : { "clusterTime" : { "$timestamp" : { "t" : 1566623418, "i" : 1 } }, "signature" : { "hash" : { "$binary" : { "base64" : "ivuUcjpKTpBXm3NVh70R8rF7EQw=", "subType" : "00" } }, "keyId" : 6727639972205035521 } } }' with request id 45 to database admin on connection [connectionId{localValue:3, serverValue:32103}] to server cluster0-shard-00-02-p47vy.mongodb.net:27017
05:10:28.089 [cluster-ClusterId{value='5d60795f5105a11fb0112ea4', description='null'}-cluster0-shard-00-01-p47vy.mongodb.net:27017] DEBUG org.mongodb.driver.cluster - Checking status of cluster0-shard-00-01-p47vy.mongodb.net:27017
05:10:28.090 [cluster-ClusterId{value='5d60795f5105a11fb0112ea4', description='null'}-cluster0-shard-00-01-p47vy.mongodb.net:27017] DEBUG org.mongodb.driver.protocol.command - Sending command '{ "ismaster" : 1, "$db" : "admin", "$clusterTime" : { "clusterTime" : { "$timestamp" : { "t" : 1566623418, "i" : 1 } }, "signature" : { "hash" : { "$binary" : { "base64" : "ivuUcjpKTpBXm3NVh70R8rF7EQw=", "subType" : "00" } }, "keyId" : 6727639972205035521 } } }' with request id 46 to database admin on connection [connectionId{localValue:1, serverValue:31025}] to server cluster0-shard-00-01-p47vy.mongodb.net:27017
05:10:28.302 [cluster-ClusterId{value='5d60795f5105a11fb0112ea4', description='null'}-cluster0-shard-00-00-p47vy.mongodb.net:27017] DEBUG org.mongodb.driver.protocol.command - Execution of command with request id 44 completed successfully in 236.15 ms on connection [connectionId{localValue:2, serverValue:33855}] to server cluster0-shard-00-00-p47vy.mongodb.net:27017
05:10:28.304 [cluster-ClusterId{value='5d60795f5105a11fb0112ea4', description='null'}-cluster0-shard-00-00-p47vy.mongodb.net:27017] DEBUG org.mongodb.driver.cluster - Updating cluster description to  {type=REPLICA_SET, servers=[{address=cluster0-shard-00-02-p47vy.mongodb.net:27017, type=REPLICA_SET_SECONDARY, TagSet{[Tag{name='region', value='US_EAST_1'}, Tag{name='provider', value='AWS'}, Tag{name='nodeType', value='ELECTABLE'}]}, roundTripTime=276.6 ms, state=CONNECTED}, {address=cluster0-shard-00-01-p47vy.mongodb.net:27017, type=REPLICA_SET_SECONDARY, TagSet{[Tag{name='region', value='US_EAST_1'}, Tag{name='provider', value='AWS'}, Tag{name='nodeType', value='ELECTABLE'}]}, roundTripTime=297.8 ms, state=CONNECTED}, {address=cluster0-shard-00-00-p47vy.mongodb.net:27017, type=REPLICA_SET_PRIMARY, TagSet{[Tag{name='provider', value='AWS'}, Tag{name='nodeType', value='ELECTABLE'}, Tag{name='region', value='US_EAST_1'}]}, roundTripTime=260.1 ms, state=CONNECTED}]
05:10:28.308 [cluster-ClusterId{value='5d60795f5105a11fb0112ea4', description='null'}-cluster0-shard-00-02-p47vy.mongodb.net:27017] DEBUG org.mongodb.driver.protocol.command - Execution of command with request id 45 completed successfully in 240.90 ms on connection [connectionId{localValue:3, serverValue:32103}] to server cluster0-shard-00-02-p47vy.mongodb.net:27017
05:10:28.309 [cluster-ClusterId{value='5d60795f5105a11fb0112ea4', description='null'}-cluster0-shard-00-02-p47vy.mongodb.net:27017] DEBUG org.mongodb.driver.cluster - Updating cluster description to  {type=REPLICA_SET, servers=[{address=cluster0-shard-00-02-p47vy.mongodb.net:27017, type=REPLICA_SET_SECONDARY, TagSet{[Tag{name='region', value='US_EAST_1'}, Tag{name='provider', value='AWS'}, Tag{name='nodeType', value='ELECTABLE'}]}, roundTripTime=269.6 ms, state=CONNECTED}, {address=cluster0-shard-00-01-p47vy.mongodb.net:27017, type=REPLICA_SET_SECONDARY, TagSet{[Tag{name='region', value='US_EAST_1'}, Tag{name='provider', value='AWS'}, Tag{name='nodeType', value='ELECTABLE'}]}, roundTripTime=297.8 ms, state=CONNECTED}, {address=cluster0-shard-00-00-p47vy.mongodb.net:27017, type=REPLICA_SET_PRIMARY, TagSet{[Tag{name='provider', value='AWS'}, Tag{name='nodeType', value='ELECTABLE'}, Tag{name='region', value='US_EAST_1'}]}, roundTripTime=260.1 ms, state=CONNECTED}]
05:10:28.357 [cluster-ClusterId{value='5d60795f5105a11fb0112ea4', description='null'}-cluster0-shard-00-01-p47vy.mongodb.net:27017] DEBUG org.mongodb.driver.protocol.command - Execution of command with request id 46 completed successfully in 266.72 ms on connection [connectionId{localValue:1, serverValue:31025}] to server cluster0-shard-00-01-p47vy.mongodb.net:27017
05:10:28.358 [cluster-ClusterId{value='5d60795f5105a11fb0112ea4', description='null'}-cluster0-shard-00-01-p47vy.mongodb.net:27017] DEBUG org.mongodb.driver.cluster - Updating cluster description to  {type=REPLICA_SET, servers=[{address=cluster0-shard-00-02-p47vy.mongodb.net:27017, type=REPLICA_SET_SECONDARY, TagSet{[Tag{name='region', value='US_EAST_1'}, Tag{name='provider', value='AWS'}, Tag{name='nodeType', value='ELECTABLE'}]}, roundTripTime=269.6 ms, state=CONNECTED}, {address=cluster0-shard-00-01-p47vy.mongodb.net:27017, type=REPLICA_SET_SECONDARY, TagSet{[Tag{name='region', value='US_EAST_1'}, Tag{name='provider', value='AWS'}, Tag{name='nodeType', value='ELECTABLE'}]}, roundTripTime=291.8 ms, state=CONNECTED}, {address=cluster0-shard-00-00-p47vy.mongodb.net:27017, type=REPLICA_SET_PRIMARY, TagSet{[Tag{name='provider', value='AWS'}, Tag{name='nodeType', value='ELECTABLE'}, Tag{name='region', value='US_EAST_1'}]}, roundTripTime=260.1 ms, state=CONNECTED}]
05:10:29.615 [cluster-ClusterId{value='5d60796b5105a11fb0112ea8', description='null'}-cluster0-shard-00-01-p47vy.mongodb.net:27017] INFO org.mongodb.driver.connection - Opened connection [connectionId{localValue:13, serverValue:31025}] to cluster0-shard-00-01-p47vy.mongodb.net:27017
05:10:29.615 [cluster-ClusterId{value='5d60796b5105a11fb0112ea8', description='null'}-cluster0-shard-00-01-p47vy.mongodb.net:27017] DEBUG org.mongodb.driver.cluster - Checking status of cluster0-shard-00-01-p47vy.mongodb.net:27017
05:10:29.616 [cluster-ClusterId{value='5d60796b5105a11fb0112ea8', description='null'}-cluster0-shard-00-01-p47vy.mongodb.net:27017] DEBUG org.mongodb.driver.protocol.command - Sending command '{ "ismaster" : 1, "$db" : "admin" }' with request id 56 to database admin on connection [connectionId{localValue:13, serverValue:31025}] to server cluster0-shard-00-01-p47vy.mongodb.net:27017
05:10:29.617 [cluster-ClusterId{value='5d60796b5105a11fb0112ea8', description='null'}-cluster0-shard-00-02-p47vy.mongodb.net:27017] INFO org.mongodb.driver.connection - Opened connection [connectionId{localValue:11, serverValue:31233}] to cluster0-shard-00-02-p47vy.mongodb.net:27017
05:10:29.617 [cluster-ClusterId{value='5d60796b5105a11fb0112ea8', description='null'}-cluster0-shard-00-02-p47vy.mongodb.net:27017] DEBUG org.mongodb.driver.cluster - Checking status of cluster0-shard-00-02-p47vy.mongodb.net:27017
05:10:29.617 [cluster-ClusterId{value='5d60796b5105a11fb0112ea8', description='null'}-cluster0-shard-00-02-p47vy.mongodb.net:27017] DEBUG org.mongodb.driver.protocol.command - Sending command '{ "ismaster" : 1, "$db" : "admin" }' with request id 57 to database admin on connection [connectionId{localValue:11, serverValue:31233}] to server cluster0-shard-00-02-p47vy.mongodb.net:27017
05:10:29.619 [cluster-ClusterId{value='5d6079615105a11fb0112ea5', description='null'}-cluster0-shard-00-00-p47vy.mongodb.net:27017] DEBUG org.mongodb.driver.cluster - Checking status of cluster0-shard-00-00-p47vy.mongodb.net:27017
05:10:29.619 [cluster-ClusterId{value='5d6079615105a11fb0112ea5', description='null'}-cluster0-shard-00-00-p47vy.mongodb.net:27017] DEBUG org.mongodb.driver.protocol.command - Sending command '{ "ismaster" : 1, "$db" : "admin", "$clusterTime" : { "clusterTime" : { "$timestamp" : { "t" : 1566623419, "i" : 1 } }, "signature" : { "hash" : { "$binary" : { "base64" : "NYruml0Q0uifTOec3SCDFPQ4sXI=", "subType" : "00" } }, "keyId" : 6727639972205035521 } } }' with request id 58 to database admin on connection [connectionId{localValue:4, serverValue:34630}] to server cluster0-shard-00-00-p47vy.mongodb.net:27017
05:10:29.625 [cluster-ClusterId{value='5d6079615105a11fb0112ea5', description='null'}-cluster0-shard-00-02-p47vy.mongodb.net:27017] DEBUG org.mongodb.driver.cluster - Checking status of cluster0-shard-00-02-p47vy.mongodb.net:27017
05:10:29.625 [cluster-ClusterId{value='5d6079615105a11fb0112ea5', description='null'}-cluster0-shard-00-02-p47vy.mongodb.net:27017] DEBUG org.mongodb.driver.protocol.command - Sending command '{ "ismaster" : 1, "$db" : "admin", "$clusterTime" : { "clusterTime" : { "$timestamp" : { "t" : 1566623419, "i" : 1 } }, "signature" : { "hash" : { "$binary" : { "base64" : "NYruml0Q0uifTOec3SCDFPQ4sXI=", "subType" : "00" } }, "keyId" : 6727639972205035521 } } }' with request id 59 to database admin on connection [connectionId{localValue:6, serverValue:32103}] to server cluster0-shard-00-02-p47vy.mongodb.net:27017
05:10:29.714 [cluster-ClusterId{value='5d6079615105a11fb0112ea5', description='null'}-cluster0-shard-00-01-p47vy.mongodb.net:27017] DEBUG org.mongodb.driver.cluster - Checking status of cluster0-shard-00-01-p47vy.mongodb.net:27017
05:10:29.715 [cluster-ClusterId{value='5d6079615105a11fb0112ea5', description='null'}-cluster0-shard-00-01-p47vy.mongodb.net:27017] DEBUG org.mongodb.driver.protocol.command - Sending command '{ "ismaster" : 1, "$db" : "admin", "$clusterTime" : { "clusterTime" : { "$timestamp" : { "t" : 1566623419, "i" : 1 } }, "signature" : { "hash" : { "$binary" : { "base64" : "NYruml0Q0uifTOec3SCDFPQ4sXI=", "subType" : "00" } }, "keyId" : 6727639972205035521 } } }' with request id 60 to database admin on connection [connectionId{localValue:5, serverValue:31025}] to server cluster0-shard-00-01-p47vy.mongodb.net:27017
05:10:29.880 [main] INFO org.mongodb.driver.cluster - Cluster created with settings {hosts=[cluster0-shard-00-02-p47vy.mongodb.net:27017, cluster0-shard-00-00-p47vy.mongodb.net:27017, cluster0-shard-00-01-p47vy.mongodb.net:27017], mode=MULTIPLE, requiredClusterType=REPLICA_SET, serverSelectionTimeout='30000 ms', maxWaitQueueSize=500, requiredReplicaSetName='Cluster0-shard-0'}
05:10:29.880 [main] INFO org.mongodb.driver.cluster - Adding discovered server cluster0-shard-00-02-p47vy.mongodb.net:27017 to client view of cluster
05:10:29.881 [main] INFO org.mongodb.driver.cluster - Adding discovered server cluster0-shard-00-00-p47vy.mongodb.net:27017 to client view of cluster
05:10:29.881 [main] INFO org.mongodb.driver.cluster - Adding discovered server cluster0-shard-00-01-p47vy.mongodb.net:27017 to client view of cluster
05:10:29.882 [main] DEBUG org.mongodb.driver.cluster - Updating cluster description to  {type=REPLICA_SET, servers=[{address=cluster0-shard-00-02-p47vy.mongodb.net:27017, type=UNKNOWN, state=CONNECTING}, {address=cluster0-shard-00-01-p47vy.mongodb.net:27017, type=UNKNOWN, state=CONNECTING}, {address=cluster0-shard-00-00-p47vy.mongodb.net:27017, type=UNKNOWN, state=CONNECTING}]
05:10:29.890 [cluster-ClusterId{value='5d60796b5105a11fb0112ea8', description='null'}-cluster0-shard-00-00-p47vy.mongodb.net:27017] INFO org.mongodb.driver.connection - Opened connection [connectionId{localValue:12, serverValue:29210}] to cluster0-shard-00-00-p47vy.mongodb.net:27017
05:10:29.890 [cluster-ClusterId{value='5d60796b5105a11fb0112ea8', description='null'}-cluster0-shard-00-00-p47vy.mongodb.net:27017] DEBUG org.mongodb.driver.cluster - Checking status of cluster0-shard-00-00-p47vy.mongodb.net:27017
05:10:29.890 [cluster-ClusterId{value='5d60796b5105a11fb0112ea8', description='null'}-cluster0-shard-00-00-p47vy.mongodb.net:27017] DEBUG org.mongodb.driver.protocol.command - Sending command '{ "ismaster" : 1, "$db" : "admin" }' with request id 61 to database admin on connection [connectionId{localValue:12, serverValue:29210}] to server cluster0-shard-00-00-p47vy.mongodb.net:27017
05:10:29.907 [cluster-ClusterId{value='5d6079615105a11fb0112ea5', description='null'}-cluster0-shard-00-00-p47vy.mongodb.net:27017] DEBUG org.mongodb.driver.protocol.command - Execution of command with request id 58 completed successfully in 287.46 ms on connection [connectionId{localValue:4, serverValue:34630}] to server cluster0-shard-00-00-p47vy.mongodb.net:27017
05:10:29.908 [cluster-ClusterId{value='5d6079615105a11fb0112ea5', description='null'}-cluster0-shard-00-00-p47vy.mongodb.net:27017] DEBUG org.mongodb.driver.cluster - Updating cluster description to  {type=REPLICA_SET, servers=[{address=cluster0-shard-00-02-p47vy.mongodb.net:27017, type=REPLICA_SET_SECONDARY, TagSet{[Tag{name='region', value='US_EAST_1'}, Tag{name='provider', value='AWS'}, Tag{name='nodeType', value='ELECTABLE'}]}, roundTripTime=268.0 ms, state=CONNECTED}, {address=cluster0-shard-00-01-p47vy.mongodb.net:27017, type=REPLICA_SET_SECONDARY, TagSet{[Tag{name='region', value='US_EAST_1'}, Tag{name='provider', value='AWS'}, Tag{name='nodeType', value='ELECTABLE'}]}, roundTripTime=245.1 ms, state=CONNECTED}, {address=cluster0-shard-00-00-p47vy.mongodb.net:27017, type=REPLICA_SET_PRIMARY, TagSet{[Tag{name='provider', value='AWS'}, Tag{name='nodeType', value='ELECTABLE'}, Tag{name='region', value='US_EAST_1'}]}, roundTripTime=267.3 ms, state=CONNECTED}]
05:10:29.915 [cluster-ClusterId{value='5d60796b5105a11fb0112ea8', description='null'}-cluster0-shard-00-01-p47vy.mongodb.net:27017] DEBUG org.mongodb.driver.protocol.command - Execution of command with request id 56 completed successfully in 298.68 ms on connection [connectionId{localValue:13, serverValue:31025}] to server cluster0-shard-00-01-p47vy.mongodb.net:27017
05:10:29.915 [cluster-ClusterId{value='5d60796b5105a11fb0112ea8', description='null'}-cluster0-shard-00-02-p47vy.mongodb.net:27017] DEBUG org.mongodb.driver.protocol.command - Execution of command with request id 57 completed successfully in 297.24 ms on connection [connectionId{localValue:11, serverValue:31233}] to server cluster0-shard-00-02-p47vy.mongodb.net:27017
05:10:29.915 [cluster-ClusterId{value='5d6079615105a11fb0112ea5', description='null'}-cluster0-shard-00-02-p47vy.mongodb.net:27017] DEBUG org.mongodb.driver.protocol.command - Execution of command with request id 59 completed successfully in 289.24 ms on connection [connectionId{localValue:6, serverValue:32103}] to server cluster0-shard-00-02-p47vy.mongodb.net:27017
05:10:29.916 [cluster-ClusterId{value='5d60796b5105a11fb0112ea8', description='null'}-cluster0-shard-00-02-p47vy.mongodb.net:27017] INFO org.mongodb.driver.cluster - Monitor thread successfully connected to server with description ServerDescription{address=cluster0-shard-00-02-p47vy.mongodb.net:27017, type=REPLICA_SET_SECONDARY, state=CONNECTED, ok=true, version=ServerVersion{versionList=[4, 0, 12]}, minWireVersion=0, maxWireVersion=7, maxDocumentSize=16777216, logicalSessionTimeoutMinutes=30, roundTripTimeNanos=297891525, setName='Cluster0-shard-0', canonicalAddress=cluster0-shard-00-02-p47vy.mongodb.net:27017, hosts=[cluster0-shard-00-02-p47vy.mongodb.net:27017, cluster0-shard-00-01-p47vy.mongodb.net:27017, cluster0-shard-00-00-p47vy.mongodb.net:27017], passives=[], arbiters=[], primary='cluster0-shard-00-00-p47vy.mongodb.net:27017', tagSet=TagSet{[Tag{name='region', value='US_EAST_1'}, Tag{name='provider', value='AWS'}, Tag{name='nodeType', value='ELECTABLE'}]}, electionId=null, setVersion=1, lastWriteDate=Sat Aug 24 10:40:29 IST 2019, lastUpdateTimeNanos=6312028577019}
05:10:29.916 [cluster-ClusterId{value='5d60796b5105a11fb0112ea8', description='null'}-cluster0-shard-00-01-p47vy.mongodb.net:27017] INFO org.mongodb.driver.cluster - Monitor thread successfully connected to server with description ServerDescription{address=cluster0-shard-00-01-p47vy.mongodb.net:27017, type=REPLICA_SET_SECONDARY, state=CONNECTED, ok=true, version=ServerVersion{versionList=[4, 0, 12]}, minWireVersion=0, maxWireVersion=7, maxDocumentSize=16777216, logicalSessionTimeoutMinutes=30, roundTripTimeNanos=299372344, setName='Cluster0-shard-0', canonicalAddress=cluster0-shard-00-01-p47vy.mongodb.net:27017, hosts=[cluster0-shard-00-02-p47vy.mongodb.net:27017, cluster0-shard-00-01-p47vy.mongodb.net:27017, cluster0-shard-00-00-p47vy.mongodb.net:27017], passives=[], arbiters=[], primary='cluster0-shard-00-00-p47vy.mongodb.net:27017', tagSet=TagSet{[Tag{name='region', value='US_EAST_1'}, Tag{name='provider', value='AWS'}, Tag{name='nodeType', value='ELECTABLE'}]}, electionId=null, setVersion=1, lastWriteDate=Sat Aug 24 10:40:29 IST 2019, lastUpdateTimeNanos=6312028569055}
05:10:29.916 [cluster-ClusterId{value='5d6079615105a11fb0112ea5', description='null'}-cluster0-shard-00-02-p47vy.mongodb.net:27017] DEBUG org.mongodb.driver.cluster - Updating cluster description to  {type=REPLICA_SET, servers=[{address=cluster0-shard-00-02-p47vy.mongodb.net:27017, type=REPLICA_SET_SECONDARY, TagSet{[Tag{name='region', value='US_EAST_1'}, Tag{name='provider', value='AWS'}, Tag{name='nodeType', value='ELECTABLE'}]}, roundTripTime=272.4 ms, state=CONNECTED}, {address=cluster0-shard-00-01-p47vy.mongodb.net:27017, type=REPLICA_SET_SECONDARY, TagSet{[Tag{name='region', value='US_EAST_1'}, Tag{name='provider', value='AWS'}, Tag{name='nodeType', value='ELECTABLE'}]}, roundTripTime=245.1 ms, state=CONNECTED}, {address=cluster0-shard-00-00-p47vy.mongodb.net:27017, type=REPLICA_SET_PRIMARY, TagSet{[Tag{name='provider', value='AWS'}, Tag{name='nodeType', value='ELECTABLE'}, Tag{name='region', value='US_EAST_1'}]}, roundTripTime=267.3 ms, state=CONNECTED}]
05:10:29.916 [cluster-ClusterId{value='5d60796b5105a11fb0112ea8', description='null'}-cluster0-shard-00-02-p47vy.mongodb.net:27017] DEBUG org.mongodb.driver.cluster - Updating cluster description to  {type=REPLICA_SET, servers=[{address=cluster0-shard-00-02-p47vy.mongodb.net:27017, type=REPLICA_SET_SECONDARY, TagSet{[Tag{name='region', value='US_EAST_1'}, Tag{name='provider', value='AWS'}, Tag{name='nodeType', value='ELECTABLE'}]}, roundTripTime=297.9 ms, state=CONNECTED}, {address=cluster0-shard-00-01-p47vy.mongodb.net:27017, type=UNKNOWN, state=CONNECTING}, {address=cluster0-shard-00-00-p47vy.mongodb.net:27017, type=UNKNOWN, state=CONNECTING}]
05:10:29.916 [cluster-ClusterId{value='5d60796b5105a11fb0112ea8', description='null'}-cluster0-shard-00-01-p47vy.mongodb.net:27017] DEBUG org.mongodb.driver.cluster - Updating cluster description to  {type=REPLICA_SET, servers=[{address=cluster0-shard-00-02-p47vy.mongodb.net:27017, type=REPLICA_SET_SECONDARY, TagSet{[Tag{name='region', value='US_EAST_1'}, Tag{name='provider', value='AWS'}, Tag{name='nodeType', value='ELECTABLE'}]}, roundTripTime=297.9 ms, state=CONNECTED}, {address=cluster0-shard-00-01-p47vy.mongodb.net:27017, type=REPLICA_SET_SECONDARY, TagSet{[Tag{name='region', value='US_EAST_1'}, Tag{name='provider', value='AWS'}, Tag{name='nodeType', value='ELECTABLE'}]}, roundTripTime=299.4 ms, state=CONNECTED}, {address=cluster0-shard-00-00-p47vy.mongodb.net:27017, type=UNKNOWN, state=CONNECTING}]
05:10:29.981 [cluster-ClusterId{value='5d6079615105a11fb0112ea5', description='null'}-cluster0-shard-00-01-p47vy.mongodb.net:27017] DEBUG org.mongodb.driver.protocol.command - Execution of command with request id 60 completed successfully in 267.02 ms on connection [connectionId{localValue:5, serverValue:31025}] to server cluster0-shard-00-01-p47vy.mongodb.net:27017
05:10:29.981 [cluster-ClusterId{value='5d6079615105a11fb0112ea5', description='null'}-cluster0-shard-00-01-p47vy.mongodb.net:27017] DEBUG org.mongodb.driver.cluster - Updating cluster description to  {type=REPLICA_SET, servers=[{address=cluster0-shard-00-02-p47vy.mongodb.net:27017, type=REPLICA_SET_SECONDARY, TagSet{[Tag{name='region', value='US_EAST_1'}, Tag{name='provider', value='AWS'}, Tag{name='nodeType', value='ELECTABLE'}]}, roundTripTime=272.4 ms, state=CONNECTED}, {address=cluster0-shard-00-01-p47vy.mongodb.net:27017, type=REPLICA_SET_SECONDARY, TagSet{[Tag{name='region', value='US_EAST_1'}, Tag{name='provider', value='AWS'}, Tag{name='nodeType', value='ELECTABLE'}]}, roundTripTime=249.6 ms, state=CONNECTED}, {address=cluster0-shard-00-00-p47vy.mongodb.net:27017, type=REPLICA_SET_PRIMARY, TagSet{[Tag{name='provider', value='AWS'}, Tag{name='nodeType', value='ELECTABLE'}, Tag{name='region', value='US_EAST_1'}]}, roundTripTime=267.3 ms, state=CONNECTED}]
05:10:30.185 [cluster-ClusterId{value='5d60796b5105a11fb0112ea8', description='null'}-cluster0-shard-00-00-p47vy.mongodb.net:27017] DEBUG org.mongodb.driver.protocol.command - Execution of command with request id 61 completed successfully in 293.83 ms on connection [connectionId{localValue:12, serverValue:29210}] to server cluster0-shard-00-00-p47vy.mongodb.net:27017
05:10:30.186 [cluster-ClusterId{value='5d60796b5105a11fb0112ea8', description='null'}-cluster0-shard-00-00-p47vy.mongodb.net:27017] INFO org.mongodb.driver.cluster - Monitor thread successfully connected to server with description ServerDescription{address=cluster0-shard-00-00-p47vy.mongodb.net:27017, type=REPLICA_SET_PRIMARY, state=CONNECTED, ok=true, version=ServerVersion{versionList=[4, 0, 12]}, minWireVersion=0, maxWireVersion=7, maxDocumentSize=16777216, logicalSessionTimeoutMinutes=30, roundTripTimeNanos=294505495, setName='Cluster0-shard-0', canonicalAddress=cluster0-shard-00-00-p47vy.mongodb.net:27017, hosts=[cluster0-shard-00-02-p47vy.mongodb.net:27017, cluster0-shard-00-01-p47vy.mongodb.net:27017, cluster0-shard-00-00-p47vy.mongodb.net:27017], passives=[], arbiters=[], primary='cluster0-shard-00-00-p47vy.mongodb.net:27017', tagSet=TagSet{[Tag{name='provider', value='AWS'}, Tag{name='nodeType', value='ELECTABLE'}, Tag{name='region', value='US_EAST_1'}]}, electionId=7fffffff0000000000000001, setVersion=1, lastWriteDate=Sat Aug 24 10:40:30 IST 2019, lastUpdateTimeNanos=6312298710726}
05:10:30.186 [cluster-ClusterId{value='5d60796b5105a11fb0112ea8', description='null'}-cluster0-shard-00-00-p47vy.mongodb.net:27017] INFO org.mongodb.driver.cluster - Setting max election id to 7fffffff0000000000000001 from replica set primary cluster0-shard-00-00-p47vy.mongodb.net:27017
05:10:30.186 [cluster-ClusterId{value='5d60796b5105a11fb0112ea8', description='null'}-cluster0-shard-00-00-p47vy.mongodb.net:27017] INFO org.mongodb.driver.cluster - Setting max set version to 1 from replica set primary cluster0-shard-00-00-p47vy.mongodb.net:27017
05:10:30.186 [cluster-ClusterId{value='5d60796b5105a11fb0112ea8', description='null'}-cluster0-shard-00-00-p47vy.mongodb.net:27017] INFO org.mongodb.driver.cluster - Discovered replica set primary cluster0-shard-00-00-p47vy.mongodb.net:27017
05:10:30.187 [cluster-ClusterId{value='5d60796b5105a11fb0112ea8', description='null'}-cluster0-shard-00-00-p47vy.mongodb.net:27017] DEBUG org.mongodb.driver.cluster - Updating cluster description to  {type=REPLICA_SET, servers=[{address=cluster0-shard-00-02-p47vy.mongodb.net:27017, type=REPLICA_SET_SECONDARY, TagSet{[Tag{name='region', value='US_EAST_1'}, Tag{name='provider', value='AWS'}, Tag{name='nodeType', value='ELECTABLE'}]}, roundTripTime=297.9 ms, state=CONNECTED}, {address=cluster0-shard-00-01-p47vy.mongodb.net:27017, type=REPLICA_SET_SECONDARY, TagSet{[Tag{name='region', value='US_EAST_1'}, Tag{name='provider', value='AWS'}, Tag{name='nodeType', value='ELECTABLE'}]}, roundTripTime=299.4 ms, state=CONNECTED}, {address=cluster0-shard-00-00-p47vy.mongodb.net:27017, type=REPLICA_SET_PRIMARY, TagSet{[Tag{name='provider', value='AWS'}, Tag{name='nodeType', value='ELECTABLE'}, Tag{name='region', value='US_EAST_1'}]}, roundTripTime=294.5 ms, state=CONNECTED}]
05:10:31.428 [cluster-ClusterId{value='5d60796d5105a11fb0112ea9', description='null'}-cluster0-shard-00-00-p47vy.mongodb.net:27017] INFO org.mongodb.driver.connection - Opened connection [connectionId{localValue:15, serverValue:29210}] to cluster0-shard-00-00-p47vy.mongodb.net:27017
05:10:31.428 [cluster-ClusterId{value='5d60796d5105a11fb0112ea9', description='null'}-cluster0-shard-00-00-p47vy.mongodb.net:27017] DEBUG org.mongodb.driver.cluster - Checking status of cluster0-shard-00-00-p47vy.mongodb.net:27017
05:10:31.429 [cluster-ClusterId{value='5d60796d5105a11fb0112ea9', description='null'}-cluster0-shard-00-00-p47vy.mongodb.net:27017] DEBUG org.mongodb.driver.protocol.command - Sending command '{ "ismaster" : 1, "$db" : "admin" }' with request id 71 to database admin on connection [connectionId{localValue:15, serverValue:29210}] to server cluster0-shard-00-00-p47vy.mongodb.net:27017
05:10:31.531 [cluster-ClusterId{value='5d60796d5105a11fb0112ea9', description='null'}-cluster0-shard-00-02-p47vy.mongodb.net:27017] INFO org.mongodb.driver.connection - Opened connection [connectionId{localValue:14, serverValue:31228}] to cluster0-shard-00-02-p47vy.mongodb.net:27017
05:10:31.531 [cluster-ClusterId{value='5d60796d5105a11fb0112ea9', description='null'}-cluster0-shard-00-02-p47vy.mongodb.net:27017] DEBUG org.mongodb.driver.cluster - Checking status of cluster0-shard-00-02-p47vy.mongodb.net:27017
05:10:31.532 [cluster-ClusterId{value='5d60796d5105a11fb0112ea9', description='null'}-cluster0-shard-00-02-p47vy.mongodb.net:27017] DEBUG org.mongodb.driver.protocol.command - Sending command '{ "ismaster" : 1, "$db" : "admin" }' with request id 72 to database admin on connection [connectionId{localValue:14, serverValue:31228}] to server cluster0-shard-00-02-p47vy.mongodb.net:27017
05:10:31.645 [cluster-ClusterId{value='5d60796d5105a11fb0112ea9', description='null'}-cluster0-shard-00-01-p47vy.mongodb.net:27017] INFO org.mongodb.driver.connection - Opened connection [connectionId{localValue:16, serverValue:31025}] to cluster0-shard-00-01-p47vy.mongodb.net:27017
05:10:31.645 [cluster-ClusterId{value='5d60796d5105a11fb0112ea9', description='null'}-cluster0-shard-00-01-p47vy.mongodb.net:27017] DEBUG org.mongodb.driver.cluster - Checking status of cluster0-shard-00-01-p47vy.mongodb.net:27017
05:10:31.646 [cluster-ClusterId{value='5d60796d5105a11fb0112ea9', description='null'}-cluster0-shard-00-01-p47vy.mongodb.net:27017] DEBUG org.mongodb.driver.protocol.command - Sending command '{ "ismaster" : 1, "$db" : "admin" }' with request id 73 to database admin on connection [connectionId{localValue:16, serverValue:31025}] to server cluster0-shard-00-01-p47vy.mongodb.net:27017
05:10:31.677 [cluster-ClusterId{value='5d60796d5105a11fb0112ea9', description='null'}-cluster0-shard-00-00-p47vy.mongodb.net:27017] DEBUG org.mongodb.driver.protocol.command - Execution of command with request id 71 completed successfully in 248.86 ms on connection [connectionId{localValue:15, serverValue:29210}] to server cluster0-shard-00-00-p47vy.mongodb.net:27017
05:10:31.678 [cluster-ClusterId{value='5d60796d5105a11fb0112ea9', description='null'}-cluster0-shard-00-00-p47vy.mongodb.net:27017] INFO org.mongodb.driver.cluster - Monitor thread successfully connected to server with description ServerDescription{address=cluster0-shard-00-00-p47vy.mongodb.net:27017, type=REPLICA_SET_PRIMARY, state=CONNECTED, ok=true, version=ServerVersion{versionList=[4, 0, 12]}, minWireVersion=0, maxWireVersion=7, maxDocumentSize=16777216, logicalSessionTimeoutMinutes=30, roundTripTimeNanos=249267413, setName='Cluster0-shard-0', canonicalAddress=cluster0-shard-00-00-p47vy.mongodb.net:27017, hosts=[cluster0-shard-00-02-p47vy.mongodb.net:27017, cluster0-shard-00-01-p47vy.mongodb.net:27017, cluster0-shard-00-00-p47vy.mongodb.net:27017], passives=[], arbiters=[], primary='cluster0-shard-00-00-p47vy.mongodb.net:27017', tagSet=TagSet{[Tag{name='provider', value='AWS'}, Tag{name='nodeType', value='ELECTABLE'}, Tag{name='region', value='US_EAST_1'}]}, electionId=7fffffff0000000000000001, setVersion=1, lastWriteDate=Sat Aug 24 10:40:31 IST 2019, lastUpdateTimeNanos=6313791627199}
05:10:31.678 [cluster-ClusterId{value='5d60796d5105a11fb0112ea9', description='null'}-cluster0-shard-00-00-p47vy.mongodb.net:27017] INFO org.mongodb.driver.cluster - Setting max election id to 7fffffff0000000000000001 from replica set primary cluster0-shard-00-00-p47vy.mongodb.net:27017
05:10:31.678 [cluster-ClusterId{value='5d60796d5105a11fb0112ea9', description='null'}-cluster0-shard-00-00-p47vy.mongodb.net:27017] INFO org.mongodb.driver.cluster - Setting max set version to 1 from replica set primary cluster0-shard-00-00-p47vy.mongodb.net:27017
05:10:31.678 [cluster-ClusterId{value='5d60796d5105a11fb0112ea9', description='null'}-cluster0-shard-00-00-p47vy.mongodb.net:27017] INFO org.mongodb.driver.cluster - Discovered replica set primary cluster0-shard-00-00-p47vy.mongodb.net:27017
05:10:31.678 [cluster-ClusterId{value='5d60796d5105a11fb0112ea9', description='null'}-cluster0-shard-00-00-p47vy.mongodb.net:27017] DEBUG org.mongodb.driver.cluster - Updating cluster description to  {type=REPLICA_SET, servers=[{address=cluster0-shard-00-02-p47vy.mongodb.net:27017, type=UNKNOWN, state=CONNECTING}, {address=cluster0-shard-00-01-p47vy.mongodb.net:27017, type=UNKNOWN, state=CONNECTING}, {address=cluster0-shard-00-00-p47vy.mongodb.net:27017, type=REPLICA_SET_PRIMARY, TagSet{[Tag{name='provider', value='AWS'}, Tag{name='nodeType', value='ELECTABLE'}, Tag{name='region', value='US_EAST_1'}]}, roundTripTime=249.3 ms, state=CONNECTED}]
05:10:31.801 [cluster-ClusterId{value='5d60796d5105a11fb0112ea9', description='null'}-cluster0-shard-00-02-p47vy.mongodb.net:27017] DEBUG org.mongodb.driver.protocol.command - Execution of command with request id 72 completed successfully in 269.31 ms on connection [connectionId{localValue:14, serverValue:31228}] to server cluster0-shard-00-02-p47vy.mongodb.net:27017
05:10:31.802 [cluster-ClusterId{value='5d60796d5105a11fb0112ea9', description='null'}-cluster0-shard-00-02-p47vy.mongodb.net:27017] INFO org.mongodb.driver.cluster - Monitor thread successfully connected to server with description ServerDescription{address=cluster0-shard-00-02-p47vy.mongodb.net:27017, type=REPLICA_SET_SECONDARY, state=CONNECTED, ok=true, version=ServerVersion{versionList=[4, 0, 12]}, minWireVersion=0, maxWireVersion=7, maxDocumentSize=16777216, logicalSessionTimeoutMinutes=30, roundTripTimeNanos=270023342, setName='Cluster0-shard-0', canonicalAddress=cluster0-shard-00-02-p47vy.mongodb.net:27017, hosts=[cluster0-shard-00-02-p47vy.mongodb.net:27017, cluster0-shard-00-01-p47vy.mongodb.net:27017, cluster0-shard-00-00-p47vy.mongodb.net:27017], passives=[], arbiters=[], primary='cluster0-shard-00-00-p47vy.mongodb.net:27017', tagSet=TagSet{[Tag{name='region', value='US_EAST_1'}, Tag{name='provider', value='AWS'}, Tag{name='nodeType', value='ELECTABLE'}]}, electionId=null, setVersion=1, lastWriteDate=Sat Aug 24 10:40:31 IST 2019, lastUpdateTimeNanos=6313915601279}
05:10:31.802 [cluster-ClusterId{value='5d60796d5105a11fb0112ea9', description='null'}-cluster0-shard-00-02-p47vy.mongodb.net:27017] DEBUG org.mongodb.driver.cluster - Updating cluster description to  {type=REPLICA_SET, servers=[{address=cluster0-shard-00-02-p47vy.mongodb.net:27017, type=REPLICA_SET_SECONDARY, TagSet{[Tag{name='region', value='US_EAST_1'}, Tag{name='provider', value='AWS'}, Tag{name='nodeType', value='ELECTABLE'}]}, roundTripTime=270.0 ms, state=CONNECTED}, {address=cluster0-shard-00-01-p47vy.mongodb.net:27017, type=UNKNOWN, state=CONNECTING}, {address=cluster0-shard-00-00-p47vy.mongodb.net:27017, type=REPLICA_SET_PRIMARY, TagSet{[Tag{name='provider', value='AWS'}, Tag{name='nodeType', value='ELECTABLE'}, Tag{name='region', value='US_EAST_1'}]}, roundTripTime=249.3 ms, state=CONNECTED}]
05:10:31.819 [cluster-ClusterId{value='5d6079635105a11fb0112ea6', description='null'}-cluster0-shard-00-00-p47vy.mongodb.net:27017] DEBUG org.mongodb.driver.cluster - Checking status of cluster0-shard-00-00-p47vy.mongodb.net:27017
05:10:31.819 [cluster-ClusterId{value='5d6079635105a11fb0112ea6', description='null'}-cluster0-shard-00-00-p47vy.mongodb.net:27017] DEBUG org.mongodb.driver.protocol.command - Sending command '{ "ismaster" : 1, "$db" : "admin", "$clusterTime" : { "clusterTime" : { "$timestamp" : { "t" : 1566623425, "i" : 1 } }, "signature" : { "hash" : { "$binary" : { "base64" : "ryBnv5nAv7uhOldg8b3O5Pn5V3k=", "subType" : "00" } }, "keyId" : 6727639972205035521 } } }' with request id 74 to database admin on connection [connectionId{localValue:8, serverValue:34630}] to server cluster0-shard-00-00-p47vy.mongodb.net:27017
05:10:31.832 [cluster-ClusterId{value='5d6079635105a11fb0112ea6', description='null'}-cluster0-shard-00-01-p47vy.mongodb.net:27017] DEBUG org.mongodb.driver.cluster - Checking status of cluster0-shard-00-01-p47vy.mongodb.net:27017
05:10:31.832 [cluster-ClusterId{value='5d6079635105a11fb0112ea6', description='null'}-cluster0-shard-00-02-p47vy.mongodb.net:27017] DEBUG org.mongodb.driver.cluster - Checking status of cluster0-shard-00-02-p47vy.mongodb.net:27017
05:10:31.833 [cluster-ClusterId{value='5d6079635105a11fb0112ea6', description='null'}-cluster0-shard-00-02-p47vy.mongodb.net:27017] DEBUG org.mongodb.driver.protocol.command - Sending command '{ "ismaster" : 1, "$db" : "admin", "$clusterTime" : { "clusterTime" : { "$timestamp" : { "t" : 1566623425, "i" : 1 } }, "signature" : { "hash" : { "$binary" : { "base64" : "ryBnv5nAv7uhOldg8b3O5Pn5V3k=", "subType" : "00" } }, "keyId" : 6727639972205035521 } } }' with request id 75 to database admin on connection [connectionId{localValue:7, serverValue:31222}] to server cluster0-shard-00-02-p47vy.mongodb.net:27017
05:10:31.833 [cluster-ClusterId{value='5d6079635105a11fb0112ea6', description='null'}-cluster0-shard-00-01-p47vy.mongodb.net:27017] DEBUG org.mongodb.driver.protocol.command - Sending command '{ "ismaster" : 1, "$db" : "admin", "$clusterTime" : { "clusterTime" : { "$timestamp" : { "t" : 1566623425, "i" : 1 } }, "signature" : { "hash" : { "$binary" : { "base64" : "ryBnv5nAv7uhOldg8b3O5Pn5V3k=", "subType" : "00" } }, "keyId" : 6727639972205035521 } } }' with request id 76 to database admin on connection [connectionId{localValue:9, serverValue:31029}] to server cluster0-shard-00-01-p47vy.mongodb.net:27017
05:10:31.908 [cluster-ClusterId{value='5d60796d5105a11fb0112ea9', description='null'}-cluster0-shard-00-01-p47vy.mongodb.net:27017] DEBUG org.mongodb.driver.protocol.command - Execution of command with request id 73 completed successfully in 261.75 ms on connection [connectionId{localValue:16, serverValue:31025}] to server cluster0-shard-00-01-p47vy.mongodb.net:27017
05:10:31.908 [cluster-ClusterId{value='5d60796d5105a11fb0112ea9', description='null'}-cluster0-shard-00-01-p47vy.mongodb.net:27017] INFO org.mongodb.driver.cluster - Monitor thread successfully connected to server with description ServerDescription{address=cluster0-shard-00-01-p47vy.mongodb.net:27017, type=REPLICA_SET_SECONDARY, state=CONNECTED, ok=true, version=ServerVersion{versionList=[4, 0, 12]}, minWireVersion=0, maxWireVersion=7, maxDocumentSize=16777216, logicalSessionTimeoutMinutes=30, roundTripTimeNanos=262275637, setName='Cluster0-shard-0', canonicalAddress=cluster0-shard-00-01-p47vy.mongodb.net:27017, hosts=[cluster0-shard-00-02-p47vy.mongodb.net:27017, cluster0-shard-00-01-p47vy.mongodb.net:27017, cluster0-shard-00-00-p47vy.mongodb.net:27017], passives=[], arbiters=[], primary='cluster0-shard-00-00-p47vy.mongodb.net:27017', tagSet=TagSet{[Tag{name='region', value='US_EAST_1'}, Tag{name='provider', value='AWS'}, Tag{name='nodeType', value='ELECTABLE'}]}, electionId=null, setVersion=1, lastWriteDate=Sat Aug 24 10:40:31 IST 2019, lastUpdateTimeNanos=6314021778791}
05:10:31.909 [cluster-ClusterId{value='5d60796d5105a11fb0112ea9', description='null'}-cluster0-shard-00-01-p47vy.mongodb.net:27017] DEBUG org.mongodb.driver.cluster - Updating cluster description to  {type=REPLICA_SET, servers=[{address=cluster0-shard-00-02-p47vy.mongodb.net:27017, type=REPLICA_SET_SECONDARY, TagSet{[Tag{name='region', value='US_EAST_1'}, Tag{name='provider', value='AWS'}, Tag{name='nodeType', value='ELECTABLE'}]}, roundTripTime=270.0 ms, state=CONNECTED}, {address=cluster0-shard-00-01-p47vy.mongodb.net:27017, type=REPLICA_SET_SECONDARY, TagSet{[Tag{name='region', value='US_EAST_1'}, Tag{name='provider', value='AWS'}, Tag{name='nodeType', value='ELECTABLE'}]}, roundTripTime=262.3 ms, state=CONNECTED}, {address=cluster0-shard-00-00-p47vy.mongodb.net:27017, type=REPLICA_SET_PRIMARY, TagSet{[Tag{name='provider', value='AWS'}, Tag{name='nodeType', value='ELECTABLE'}, Tag{name='region', value='US_EAST_1'}]}, roundTripTime=249.3 ms, state=CONNECTED}]
05:10:31.965 [main] INFO org.mongodb.driver.cluster - Cluster created with settings {hosts=[cluster0-shard-00-02-p47vy.mongodb.net:27017, cluster0-shard-00-00-p47vy.mongodb.net:27017, cluster0-shard-00-01-p47vy.mongodb.net:27017], mode=MULTIPLE, requiredClusterType=REPLICA_SET, serverSelectionTimeout='30000 ms', maxWaitQueueSize=500, requiredReplicaSetName='Cluster0-shard-0'}
05:10:31.965 [main] INFO org.mongodb.driver.cluster - Adding discovered server cluster0-shard-00-02-p47vy.mongodb.net:27017 to client view of cluster
05:10:31.966 [main] INFO org.mongodb.driver.cluster - Adding discovered server cluster0-shard-00-00-p47vy.mongodb.net:27017 to client view of cluster
05:10:31.966 [main] INFO org.mongodb.driver.cluster - Adding discovered server cluster0-shard-00-01-p47vy.mongodb.net:27017 to client view of cluster
05:10:31.967 [main] DEBUG org.mongodb.driver.cluster - Updating cluster description to  {type=REPLICA_SET, servers=[{address=cluster0-shard-00-02-p47vy.mongodb.net:27017, type=UNKNOWN, state=CONNECTING}, {address=cluster0-shard-00-01-p47vy.mongodb.net:27017, type=UNKNOWN, state=CONNECTING}, {address=cluster0-shard-00-00-p47vy.mongodb.net:27017, type=UNKNOWN, state=CONNECTING}]
05:10:31.976 [main] INFO org.mongodb.driver.cluster - No server chosen by com.mongodb.client.internal.MongoClientDelegate$1@6bf08014 from cluster description ClusterDescription{type=REPLICA_SET, connectionMode=MULTIPLE, serverDescriptions=[ServerDescription{address=cluster0-shard-00-02-p47vy.mongodb.net:27017, type=UNKNOWN, state=CONNECTING}, ServerDescription{address=cluster0-shard-00-01-p47vy.mongodb.net:27017, type=UNKNOWN, state=CONNECTING}, ServerDescription{address=cluster0-shard-00-00-p47vy.mongodb.net:27017, type=UNKNOWN, state=CONNECTING}]}. Waiting for 30000 ms before timing out
05:10:32.071 [cluster-ClusterId{value='5d6079635105a11fb0112ea6', description='null'}-cluster0-shard-00-00-p47vy.mongodb.net:27017] DEBUG org.mongodb.driver.protocol.command - Execution of command with request id 74 completed successfully in 252.53 ms on connection [connectionId{localValue:8, serverValue:34630}] to server cluster0-shard-00-00-p47vy.mongodb.net:27017
05:10:32.072 [cluster-ClusterId{value='5d6079635105a11fb0112ea6', description='null'}-cluster0-shard-00-00-p47vy.mongodb.net:27017] DEBUG org.mongodb.driver.cluster - Updating cluster description to  {type=REPLICA_SET, servers=[{address=cluster0-shard-00-02-p47vy.mongodb.net:27017, type=REPLICA_SET_SECONDARY, TagSet{[Tag{name='region', value='US_EAST_1'}, Tag{name='provider', value='AWS'}, Tag{name='nodeType', value='ELECTABLE'}]}, roundTripTime=266.0 ms, state=CONNECTED}, {address=cluster0-shard-00-01-p47vy.mongodb.net:27017, type=REPLICA_SET_SECONDARY, TagSet{[Tag{name='region', value='US_EAST_1'}, Tag{name='provider', value='AWS'}, Tag{name='nodeType', value='ELECTABLE'}]}, roundTripTime=268.3 ms, state=CONNECTED}, {address=cluster0-shard-00-00-p47vy.mongodb.net:27017, type=REPLICA_SET_PRIMARY, TagSet{[Tag{name='provider', value='AWS'}, Tag{name='nodeType', value='ELECTABLE'}, Tag{name='region', value='US_EAST_1'}]}, roundTripTime=262.3 ms, state=CONNECTED}]
05:10:32.092 [cluster-ClusterId{value='5d6079635105a11fb0112ea6', description='null'}-cluster0-shard-00-01-p47vy.mongodb.net:27017] DEBUG org.mongodb.driver.protocol.command - Execution of command with request id 76 completed successfully in 259.67 ms on connection [connectionId{localValue:9, serverValue:31029}] to server cluster0-shard-00-01-p47vy.mongodb.net:27017
05:10:32.093 [cluster-ClusterId{value='5d6079635105a11fb0112ea6', description='null'}-cluster0-shard-00-01-p47vy.mongodb.net:27017] DEBUG org.mongodb.driver.cluster - Updating cluster description to  {type=REPLICA_SET, servers=[{address=cluster0-shard-00-02-p47vy.mongodb.net:27017, type=REPLICA_SET_SECONDARY, TagSet{[Tag{name='region', value='US_EAST_1'}, Tag{name='provider', value='AWS'}, Tag{name='nodeType', value='ELECTABLE'}]}, roundTripTime=266.0 ms, state=CONNECTED}, {address=cluster0-shard-00-01-p47vy.mongodb.net:27017, type=REPLICA_SET_SECONDARY, TagSet{[Tag{name='region', value='US_EAST_1'}, Tag{name='provider', value='AWS'}, Tag{name='nodeType', value='ELECTABLE'}]}, roundTripTime=266.7 ms, state=CONNECTED}, {address=cluster0-shard-00-00-p47vy.mongodb.net:27017, type=REPLICA_SET_PRIMARY, TagSet{[Tag{name='provider', value='AWS'}, Tag{name='nodeType', value='ELECTABLE'}, Tag{name='region', value='US_EAST_1'}]}, roundTripTime=262.3 ms, state=CONNECTED}]
05:10:32.095 [cluster-ClusterId{value='5d6079635105a11fb0112ea6', description='null'}-cluster0-shard-00-02-p47vy.mongodb.net:27017] DEBUG org.mongodb.driver.protocol.command - Execution of command with request id 75 completed successfully in 262.19 ms on connection [connectionId{localValue:7, serverValue:31222}] to server cluster0-shard-00-02-p47vy.mongodb.net:27017
05:10:32.095 [cluster-ClusterId{value='5d6079635105a11fb0112ea6', description='null'}-cluster0-shard-00-02-p47vy.mongodb.net:27017] DEBUG org.mongodb.driver.cluster - Updating cluster description to  {type=REPLICA_SET, servers=[{address=cluster0-shard-00-02-p47vy.mongodb.net:27017, type=REPLICA_SET_SECONDARY, TagSet{[Tag{name='region', value='US_EAST_1'}, Tag{name='provider', value='AWS'}, Tag{name='nodeType', value='ELECTABLE'}]}, roundTripTime=265.3 ms, state=CONNECTED}, {address=cluster0-shard-00-01-p47vy.mongodb.net:27017, type=REPLICA_SET_SECONDARY, TagSet{[Tag{name='region', value='US_EAST_1'}, Tag{name='provider', value='AWS'}, Tag{name='nodeType', value='ELECTABLE'}]}, roundTripTime=266.7 ms, state=CONNECTED}, {address=cluster0-shard-00-00-p47vy.mongodb.net:27017, type=REPLICA_SET_PRIMARY, TagSet{[Tag{name='provider', value='AWS'}, Tag{name='nodeType', value='ELECTABLE'}, Tag{name='region', value='US_EAST_1'}]}, roundTripTime=262.3 ms, state=CONNECTED}]
05:10:33.780 [cluster-ClusterId{value='5d60796f5105a11fb0112eaa', description='null'}-cluster0-shard-00-01-p47vy.mongodb.net:27017] INFO org.mongodb.driver.connection - Opened connection [connectionId{localValue:19, serverValue:31025}] to cluster0-shard-00-01-p47vy.mongodb.net:27017
05:10:33.780 [cluster-ClusterId{value='5d60796f5105a11fb0112eaa', description='null'}-cluster0-shard-00-02-p47vy.mongodb.net:27017] INFO org.mongodb.driver.connection - Opened connection [connectionId{localValue:17, serverValue:31222}] to cluster0-shard-00-02-p47vy.mongodb.net:27017
05:10:33.780 [cluster-ClusterId{value='5d60796f5105a11fb0112eaa', description='null'}-cluster0-shard-00-00-p47vy.mongodb.net:27017] INFO org.mongodb.driver.connection - Opened connection [connectionId{localValue:18, serverValue:29210}] to cluster0-shard-00-00-p47vy.mongodb.net:27017
05:10:33.781 [cluster-ClusterId{value='5d60796f5105a11fb0112eaa', description='null'}-cluster0-shard-00-02-p47vy.mongodb.net:27017] DEBUG org.mongodb.driver.cluster - Checking status of cluster0-shard-00-02-p47vy.mongodb.net:27017
05:10:33.781 [cluster-ClusterId{value='5d60796f5105a11fb0112eaa', description='null'}-cluster0-shard-00-01-p47vy.mongodb.net:27017] DEBUG org.mongodb.driver.cluster - Checking status of cluster0-shard-00-01-p47vy.mongodb.net:27017
05:10:33.781 [cluster-ClusterId{value='5d60796f5105a11fb0112eaa', description='null'}-cluster0-shard-00-00-p47vy.mongodb.net:27017] DEBUG org.mongodb.driver.cluster - Checking status of cluster0-shard-00-00-p47vy.mongodb.net:27017
05:10:33.781 [cluster-ClusterId{value='5d60796f5105a11fb0112eaa', description='null'}-cluster0-shard-00-01-p47vy.mongodb.net:27017] DEBUG org.mongodb.driver.protocol.command - Sending command '{ "ismaster" : 1, "$db" : "admin" }' with request id 88 to database admin on connection [connectionId{localValue:19, serverValue:31025}] to server cluster0-shard-00-01-p47vy.mongodb.net:27017
05:10:33.781 [cluster-ClusterId{value='5d60796f5105a11fb0112eaa', description='null'}-cluster0-shard-00-00-p47vy.mongodb.net:27017] DEBUG org.mongodb.driver.protocol.command - Sending command '{ "ismaster" : 1, "$db" : "admin" }' with request id 87 to database admin on connection [connectionId{localValue:18, serverValue:29210}] to server cluster0-shard-00-00-p47vy.mongodb.net:27017
05:10:33.781 [cluster-ClusterId{value='5d60796f5105a11fb0112eaa', description='null'}-cluster0-shard-00-02-p47vy.mongodb.net:27017] DEBUG org.mongodb.driver.protocol.command - Sending command '{ "ismaster" : 1, "$db" : "admin" }' with request id 86 to database admin on connection [connectionId{localValue:17, serverValue:31222}] to server cluster0-shard-00-02-p47vy.mongodb.net:27017
05:10:34.106 [cluster-ClusterId{value='5d60796f5105a11fb0112eaa', description='null'}-cluster0-shard-00-01-p47vy.mongodb.net:27017] DEBUG org.mongodb.driver.protocol.command - Execution of command with request id 88 completed successfully in 324.47 ms on connection [connectionId{localValue:19, serverValue:31025}] to server cluster0-shard-00-01-p47vy.mongodb.net:27017
05:10:34.106 [cluster-ClusterId{value='5d60796f5105a11fb0112eaa', description='null'}-cluster0-shard-00-00-p47vy.mongodb.net:27017] DEBUG org.mongodb.driver.protocol.command - Execution of command with request id 87 completed successfully in 324.75 ms on connection [connectionId{localValue:18, serverValue:29210}] to server cluster0-shard-00-00-p47vy.mongodb.net:27017
05:10:34.106 [cluster-ClusterId{value='5d60796f5105a11fb0112eaa', description='null'}-cluster0-shard-00-02-p47vy.mongodb.net:27017] DEBUG org.mongodb.driver.protocol.command - Execution of command with request id 86 completed successfully in 324.47 ms on connection [connectionId{localValue:17, serverValue:31222}] to server cluster0-shard-00-02-p47vy.mongodb.net:27017
05:10:34.106 [cluster-ClusterId{value='5d60796f5105a11fb0112eaa', description='null'}-cluster0-shard-00-00-p47vy.mongodb.net:27017] INFO org.mongodb.driver.cluster - Monitor thread successfully connected to server with description ServerDescription{address=cluster0-shard-00-00-p47vy.mongodb.net:27017, type=REPLICA_SET_PRIMARY, state=CONNECTED, ok=true, version=ServerVersion{versionList=[4, 0, 12]}, minWireVersion=0, maxWireVersion=7, maxDocumentSize=16777216, logicalSessionTimeoutMinutes=30, roundTripTimeNanos=325356935, setName='Cluster0-shard-0', canonicalAddress=cluster0-shard-00-00-p47vy.mongodb.net:27017, hosts=[cluster0-shard-00-02-p47vy.mongodb.net:27017, cluster0-shard-00-01-p47vy.mongodb.net:27017, cluster0-shard-00-00-p47vy.mongodb.net:27017], passives=[], arbiters=[], primary='cluster0-shard-00-00-p47vy.mongodb.net:27017', tagSet=TagSet{[Tag{name='provider', value='AWS'}, Tag{name='nodeType', value='ELECTABLE'}, Tag{name='region', value='US_EAST_1'}]}, electionId=7fffffff0000000000000001, setVersion=1, lastWriteDate=Sat Aug 24 10:40:33 IST 2019, lastUpdateTimeNanos=6316219872898}
05:10:34.106 [cluster-ClusterId{value='5d60796f5105a11fb0112eaa', description='null'}-cluster0-shard-00-01-p47vy.mongodb.net:27017] INFO org.mongodb.driver.cluster - Monitor thread successfully connected to server with description ServerDescription{address=cluster0-shard-00-01-p47vy.mongodb.net:27017, type=REPLICA_SET_SECONDARY, state=CONNECTED, ok=true, version=ServerVersion{versionList=[4, 0, 12]}, minWireVersion=0, maxWireVersion=7, maxDocumentSize=16777216, logicalSessionTimeoutMinutes=30, roundTripTimeNanos=325384811, setName='Cluster0-shard-0', canonicalAddress=cluster0-shard-00-01-p47vy.mongodb.net:27017, hosts=[cluster0-shard-00-02-p47vy.mongodb.net:27017, cluster0-shard-00-01-p47vy.mongodb.net:27017, cluster0-shard-00-00-p47vy.mongodb.net:27017], passives=[], arbiters=[], primary='cluster0-shard-00-00-p47vy.mongodb.net:27017', tagSet=TagSet{[Tag{name='region', value='US_EAST_1'}, Tag{name='provider', value='AWS'}, Tag{name='nodeType', value='ELECTABLE'}]}, electionId=null, setVersion=1, lastWriteDate=Sat Aug 24 10:40:33 IST 2019, lastUpdateTimeNanos=6316219872898}
05:10:34.106 [cluster-ClusterId{value='5d60796f5105a11fb0112eaa', description='null'}-cluster0-shard-00-00-p47vy.mongodb.net:27017] INFO org.mongodb.driver.cluster - Setting max election id to 7fffffff0000000000000001 from replica set primary cluster0-shard-00-00-p47vy.mongodb.net:27017
05:10:34.106 [cluster-ClusterId{value='5d60796f5105a11fb0112eaa', description='null'}-cluster0-shard-00-02-p47vy.mongodb.net:27017] INFO org.mongodb.driver.cluster - Monitor thread successfully connected to server with description ServerDescription{address=cluster0-shard-00-02-p47vy.mongodb.net:27017, type=REPLICA_SET_SECONDARY, state=CONNECTED, ok=true, version=ServerVersion{versionList=[4, 0, 12]}, minWireVersion=0, maxWireVersion=7, maxDocumentSize=16777216, logicalSessionTimeoutMinutes=30, roundTripTimeNanos=325443406, setName='Cluster0-shard-0', canonicalAddress=cluster0-shard-00-02-p47vy.mongodb.net:27017, hosts=[cluster0-shard-00-02-p47vy.mongodb.net:27017, cluster0-shard-00-01-p47vy.mongodb.net:27017, cluster0-shard-00-00-p47vy.mongodb.net:27017], passives=[], arbiters=[], primary='cluster0-shard-00-00-p47vy.mongodb.net:27017', tagSet=TagSet{[Tag{name='region', value='US_EAST_1'}, Tag{name='provider', value='AWS'}, Tag{name='nodeType', value='ELECTABLE'}]}, electionId=null, setVersion=1, lastWriteDate=Sat Aug 24 10:40:33 IST 2019, lastUpdateTimeNanos=6316219904756}
05:10:34.107 [cluster-ClusterId{value='5d60796f5105a11fb0112eaa', description='null'}-cluster0-shard-00-00-p47vy.mongodb.net:27017] INFO org.mongodb.driver.cluster - Setting max set version to 1 from replica set primary cluster0-shard-00-00-p47vy.mongodb.net:27017
05:10:34.107 [cluster-ClusterId{value='5d60796f5105a11fb0112eaa', description='null'}-cluster0-shard-00-00-p47vy.mongodb.net:27017] INFO org.mongodb.driver.cluster - Discovered replica set primary cluster0-shard-00-00-p47vy.mongodb.net:27017
05:10:34.107 [cluster-ClusterId{value='5d60796f5105a11fb0112eaa', description='null'}-cluster0-shard-00-00-p47vy.mongodb.net:27017] DEBUG org.mongodb.driver.cluster - Updating cluster description to  {type=REPLICA_SET, servers=[{address=cluster0-shard-00-02-p47vy.mongodb.net:27017, type=UNKNOWN, state=CONNECTING}, {address=cluster0-shard-00-01-p47vy.mongodb.net:27017, type=UNKNOWN, state=CONNECTING}, {address=cluster0-shard-00-00-p47vy.mongodb.net:27017, type=REPLICA_SET_PRIMARY, TagSet{[Tag{name='provider', value='AWS'}, Tag{name='nodeType', value='ELECTABLE'}, Tag{name='region', value='US_EAST_1'}]}, roundTripTime=325.4 ms, state=CONNECTED}]
05:10:34.107 [cluster-ClusterId{value='5d60796f5105a11fb0112eaa', description='null'}-cluster0-shard-00-02-p47vy.mongodb.net:27017] DEBUG org.mongodb.driver.cluster - Updating cluster description to  {type=REPLICA_SET, servers=[{address=cluster0-shard-00-02-p47vy.mongodb.net:27017, type=REPLICA_SET_SECONDARY, TagSet{[Tag{name='region', value='US_EAST_1'}, Tag{name='provider', value='AWS'}, Tag{name='nodeType', value='ELECTABLE'}]}, roundTripTime=325.4 ms, state=CONNECTED}, {address=cluster0-shard-00-01-p47vy.mongodb.net:27017, type=UNKNOWN, state=CONNECTING}, {address=cluster0-shard-00-00-p47vy.mongodb.net:27017, type=REPLICA_SET_PRIMARY, TagSet{[Tag{name='provider', value='AWS'}, Tag{name='nodeType', value='ELECTABLE'}, Tag{name='region', value='US_EAST_1'}]}, roundTripTime=325.4 ms, state=CONNECTED}]
05:10:34.107 [cluster-ClusterId{value='5d60796f5105a11fb0112eaa', description='null'}-cluster0-shard-00-01-p47vy.mongodb.net:27017] DEBUG org.mongodb.driver.cluster - Updating cluster description to  {type=REPLICA_SET, servers=[{address=cluster0-shard-00-02-p47vy.mongodb.net:27017, type=REPLICA_SET_SECONDARY, TagSet{[Tag{name='region', value='US_EAST_1'}, Tag{name='provider', value='AWS'}, Tag{name='nodeType', value='ELECTABLE'}]}, roundTripTime=325.4 ms, state=CONNECTED}, {address=cluster0-shard-00-01-p47vy.mongodb.net:27017, type=REPLICA_SET_SECONDARY, TagSet{[Tag{name='region', value='US_EAST_1'}, Tag{name='provider', value='AWS'}, Tag{name='nodeType', value='ELECTABLE'}]}, roundTripTime=325.4 ms, state=CONNECTED}, {address=cluster0-shard-00-00-p47vy.mongodb.net:27017, type=REPLICA_SET_PRIMARY, TagSet{[Tag{name='provider', value='AWS'}, Tag{name='nodeType', value='ELECTABLE'}, Tag{name='region', value='US_EAST_1'}]}, roundTripTime=325.4 ms, state=CONNECTED}]
05:10:36.980 [main] INFO org.mongodb.driver.connection - Opened connection [connectionId{localValue:20, serverValue:29210}] to cluster0-shard-00-00-p47vy.mongodb.net:27017
05:10:36.985 [main] DEBUG org.mongodb.driver.protocol.command - Sending command '{ "find" : "movies", "skip" : 10, "limit" : 20, "$db" : "mflix", "$clusterTime" : { "clusterTime" : { "$timestamp" : { "t" : 1566623433, "i" : 1 } }, "signature" : { "hash" : { "$binary" : { "base64" : "TYBtEIH+R2yHNIKDHtA5FKLU9CU=", "subType" : "00" } }, "keyId" : 6727639972205035521 } }, "lsid" : { "id" : { "$binary" : { "base64" : "0LHfSyzNQMaX5S0ZNO8xVQ==", "subType" : "04" } } } }' with request id 95 to database mflix on connection [connectionId{localValue:20, serverValue:29210}] to server cluster0-shard-00-00-p47vy.mongodb.net:27017
05:10:37.306 [main] DEBUG org.mongodb.driver.protocol.command - Execution of command with request id 95 completed successfully in 321.62 ms on connection [connectionId{localValue:20, serverValue:29210}] to server cluster0-shard-00-00-p47vy.mongodb.net:27017
]]></system-out>
  </testcase>
  <testcase name="MongoDatabaseInstance" classname="mflix.lessons.MongoClientLesson" time="7.837">
    <failure type="java.lang.AssertionError">java.lang.AssertionError
	at mflix.lessons.MongoClientLesson.MongoDatabaseInstance(MongoClientLesson.java:124)
</failure>
    <system-out><![CDATA[05:10:38.305 [cluster-ClusterId{value='5d60795f5105a11fb0112ea4', description='null'}-cluster0-shard-00-00-p47vy.mongodb.net:27017] DEBUG org.mongodb.driver.cluster - Checking status of cluster0-shard-00-00-p47vy.mongodb.net:27017
05:10:38.306 [cluster-ClusterId{value='5d60795f5105a11fb0112ea4', description='null'}-cluster0-shard-00-00-p47vy.mongodb.net:27017] DEBUG org.mongodb.driver.protocol.command - Sending command '{ "ismaster" : 1, "$db" : "admin", "$clusterTime" : { "clusterTime" : { "$timestamp" : { "t" : 1566623427, "i" : 1 } }, "signature" : { "hash" : { "$binary" : { "base64" : "XFTH1Mw4UHvD2xPcsiXo7XxS+Rc=", "subType" : "00" } }, "keyId" : 6727639972205035521 } } }' with request id 96 to database admin on connection [connectionId{localValue:2, serverValue:33855}] to server cluster0-shard-00-00-p47vy.mongodb.net:27017
05:10:38.309 [cluster-ClusterId{value='5d60795f5105a11fb0112ea4', description='null'}-cluster0-shard-00-02-p47vy.mongodb.net:27017] DEBUG org.mongodb.driver.cluster - Checking status of cluster0-shard-00-02-p47vy.mongodb.net:27017
05:10:38.309 [cluster-ClusterId{value='5d60795f5105a11fb0112ea4', description='null'}-cluster0-shard-00-02-p47vy.mongodb.net:27017] DEBUG org.mongodb.driver.protocol.command - Sending command '{ "ismaster" : 1, "$db" : "admin", "$clusterTime" : { "clusterTime" : { "$timestamp" : { "t" : 1566623427, "i" : 1 } }, "signature" : { "hash" : { "$binary" : { "base64" : "XFTH1Mw4UHvD2xPcsiXo7XxS+Rc=", "subType" : "00" } }, "keyId" : 6727639972205035521 } } }' with request id 97 to database admin on connection [connectionId{localValue:3, serverValue:32103}] to server cluster0-shard-00-02-p47vy.mongodb.net:27017
05:10:38.359 [cluster-ClusterId{value='5d60795f5105a11fb0112ea4', description='null'}-cluster0-shard-00-01-p47vy.mongodb.net:27017] DEBUG org.mongodb.driver.cluster - Checking status of cluster0-shard-00-01-p47vy.mongodb.net:27017
05:10:38.360 [cluster-ClusterId{value='5d60795f5105a11fb0112ea4', description='null'}-cluster0-shard-00-01-p47vy.mongodb.net:27017] DEBUG org.mongodb.driver.protocol.command - Sending command '{ "ismaster" : 1, "$db" : "admin", "$clusterTime" : { "clusterTime" : { "$timestamp" : { "t" : 1566623427, "i" : 1 } }, "signature" : { "hash" : { "$binary" : { "base64" : "XFTH1Mw4UHvD2xPcsiXo7XxS+Rc=", "subType" : "00" } }, "keyId" : 6727639972205035521 } } }' with request id 98 to database admin on connection [connectionId{localValue:1, serverValue:31025}] to server cluster0-shard-00-01-p47vy.mongodb.net:27017
05:10:38.662 [cluster-ClusterId{value='5d60795f5105a11fb0112ea4', description='null'}-cluster0-shard-00-01-p47vy.mongodb.net:27017] DEBUG org.mongodb.driver.protocol.command - Execution of command with request id 98 completed successfully in 302.39 ms on connection [connectionId{localValue:1, serverValue:31025}] to server cluster0-shard-00-01-p47vy.mongodb.net:27017
05:10:38.662 [cluster-ClusterId{value='5d60795f5105a11fb0112ea4', description='null'}-cluster0-shard-00-00-p47vy.mongodb.net:27017] DEBUG org.mongodb.driver.protocol.command - Execution of command with request id 96 completed successfully in 356.68 ms on connection [connectionId{localValue:2, serverValue:33855}] to server cluster0-shard-00-00-p47vy.mongodb.net:27017
05:10:38.662 [cluster-ClusterId{value='5d60795f5105a11fb0112ea4', description='null'}-cluster0-shard-00-02-p47vy.mongodb.net:27017] DEBUG org.mongodb.driver.protocol.command - Execution of command with request id 97 completed successfully in 352.05 ms on connection [connectionId{localValue:3, serverValue:32103}] to server cluster0-shard-00-02-p47vy.mongodb.net:27017
05:10:38.663 [cluster-ClusterId{value='5d60795f5105a11fb0112ea4', description='null'}-cluster0-shard-00-01-p47vy.mongodb.net:27017] DEBUG org.mongodb.driver.cluster - Updating cluster description to  {type=REPLICA_SET, servers=[{address=cluster0-shard-00-02-p47vy.mongodb.net:27017, type=REPLICA_SET_SECONDARY, TagSet{[Tag{name='region', value='US_EAST_1'}, Tag{name='provider', value='AWS'}, Tag{name='nodeType', value='ELECTABLE'}]}, roundTripTime=269.6 ms, state=CONNECTED}, {address=cluster0-shard-00-01-p47vy.mongodb.net:27017, type=REPLICA_SET_SECONDARY, TagSet{[Tag{name='region', value='US_EAST_1'}, Tag{name='provider', value='AWS'}, Tag{name='nodeType', value='ELECTABLE'}]}, roundTripTime=294.2 ms, state=CONNECTED}, {address=cluster0-shard-00-00-p47vy.mongodb.net:27017, type=REPLICA_SET_PRIMARY, TagSet{[Tag{name='provider', value='AWS'}, Tag{name='nodeType', value='ELECTABLE'}, Tag{name='region', value='US_EAST_1'}]}, roundTripTime=260.1 ms, state=CONNECTED}]
05:10:38.663 [cluster-ClusterId{value='5d60795f5105a11fb0112ea4', description='null'}-cluster0-shard-00-02-p47vy.mongodb.net:27017] DEBUG org.mongodb.driver.cluster - Updating cluster description to  {type=REPLICA_SET, servers=[{address=cluster0-shard-00-02-p47vy.mongodb.net:27017, type=REPLICA_SET_SECONDARY, TagSet{[Tag{name='region', value='US_EAST_1'}, Tag{name='provider', value='AWS'}, Tag{name='nodeType', value='ELECTABLE'}]}, roundTripTime=286.3 ms, state=CONNECTED}, {address=cluster0-shard-00-01-p47vy.mongodb.net:27017, type=REPLICA_SET_SECONDARY, TagSet{[Tag{name='region', value='US_EAST_1'}, Tag{name='provider', value='AWS'}, Tag{name='nodeType', value='ELECTABLE'}]}, roundTripTime=294.2 ms, state=CONNECTED}, {address=cluster0-shard-00-00-p47vy.mongodb.net:27017, type=REPLICA_SET_PRIMARY, TagSet{[Tag{name='provider', value='AWS'}, Tag{name='nodeType', value='ELECTABLE'}, Tag{name='region', value='US_EAST_1'}]}, roundTripTime=260.1 ms, state=CONNECTED}]
05:10:38.664 [cluster-ClusterId{value='5d60795f5105a11fb0112ea4', description='null'}-cluster0-shard-00-00-p47vy.mongodb.net:27017] DEBUG org.mongodb.driver.cluster - Updating cluster description to  {type=REPLICA_SET, servers=[{address=cluster0-shard-00-02-p47vy.mongodb.net:27017, type=REPLICA_SET_SECONDARY, TagSet{[Tag{name='region', value='US_EAST_1'}, Tag{name='provider', value='AWS'}, Tag{name='nodeType', value='ELECTABLE'}]}, roundTripTime=286.3 ms, state=CONNECTED}, {address=cluster0-shard-00-01-p47vy.mongodb.net:27017, type=REPLICA_SET_SECONDARY, TagSet{[Tag{name='region', value='US_EAST_1'}, Tag{name='provider', value='AWS'}, Tag{name='nodeType', value='ELECTABLE'}]}, roundTripTime=294.2 ms, state=CONNECTED}, {address=cluster0-shard-00-00-p47vy.mongodb.net:27017, type=REPLICA_SET_PRIMARY, TagSet{[Tag{name='provider', value='AWS'}, Tag{name='nodeType', value='ELECTABLE'}, Tag{name='region', value='US_EAST_1'}]}, roundTripTime=279.6 ms, state=CONNECTED}]
05:10:39.525 [main] INFO org.mongodb.driver.cluster - Cluster created with settings {hosts=[cluster0-shard-00-02-p47vy.mongodb.net:27017, cluster0-shard-00-00-p47vy.mongodb.net:27017, cluster0-shard-00-01-p47vy.mongodb.net:27017], mode=MULTIPLE, requiredClusterType=REPLICA_SET, serverSelectionTimeout='30000 ms', maxWaitQueueSize=500, requiredReplicaSetName='Cluster0-shard-0'}
05:10:39.525 [main] INFO org.mongodb.driver.cluster - Adding discovered server cluster0-shard-00-02-p47vy.mongodb.net:27017 to client view of cluster
05:10:39.526 [main] INFO org.mongodb.driver.cluster - Adding discovered server cluster0-shard-00-00-p47vy.mongodb.net:27017 to client view of cluster
05:10:39.526 [main] INFO org.mongodb.driver.cluster - Adding discovered server cluster0-shard-00-01-p47vy.mongodb.net:27017 to client view of cluster
05:10:39.527 [main] DEBUG org.mongodb.driver.cluster - Updating cluster description to  {type=REPLICA_SET, servers=[{address=cluster0-shard-00-02-p47vy.mongodb.net:27017, type=UNKNOWN, state=CONNECTING}, {address=cluster0-shard-00-01-p47vy.mongodb.net:27017, type=UNKNOWN, state=CONNECTING}, {address=cluster0-shard-00-00-p47vy.mongodb.net:27017, type=UNKNOWN, state=CONNECTING}]
05:10:39.909 [cluster-ClusterId{value='5d6079615105a11fb0112ea5', description='null'}-cluster0-shard-00-00-p47vy.mongodb.net:27017] DEBUG org.mongodb.driver.cluster - Checking status of cluster0-shard-00-00-p47vy.mongodb.net:27017
05:10:39.909 [cluster-ClusterId{value='5d6079615105a11fb0112ea5', description='null'}-cluster0-shard-00-00-p47vy.mongodb.net:27017] DEBUG org.mongodb.driver.protocol.command - Sending command '{ "ismaster" : 1, "$db" : "admin", "$clusterTime" : { "clusterTime" : { "$timestamp" : { "t" : 1566623429, "i" : 1 } }, "signature" : { "hash" : { "$binary" : { "base64" : "R/kbheNMVsfP6/AvIf2LqGN34uI=", "subType" : "00" } }, "keyId" : 6727639972205035521 } } }' with request id 102 to database admin on connection [connectionId{localValue:4, serverValue:34630}] to server cluster0-shard-00-00-p47vy.mongodb.net:27017
05:10:39.916 [cluster-ClusterId{value='5d60796b5105a11fb0112ea8', description='null'}-cluster0-shard-00-02-p47vy.mongodb.net:27017] DEBUG org.mongodb.driver.cluster - Checking status of cluster0-shard-00-02-p47vy.mongodb.net:27017
05:10:39.916 [cluster-ClusterId{value='5d60796b5105a11fb0112ea8', description='null'}-cluster0-shard-00-01-p47vy.mongodb.net:27017] DEBUG org.mongodb.driver.cluster - Checking status of cluster0-shard-00-01-p47vy.mongodb.net:27017
05:10:39.916 [cluster-ClusterId{value='5d6079615105a11fb0112ea5', description='null'}-cluster0-shard-00-02-p47vy.mongodb.net:27017] DEBUG org.mongodb.driver.cluster - Checking status of cluster0-shard-00-02-p47vy.mongodb.net:27017
05:10:39.916 [cluster-ClusterId{value='5d6079615105a11fb0112ea5', description='null'}-cluster0-shard-00-02-p47vy.mongodb.net:27017] DEBUG org.mongodb.driver.protocol.command - Sending command '{ "ismaster" : 1, "$db" : "admin", "$clusterTime" : { "clusterTime" : { "$timestamp" : { "t" : 1566623429, "i" : 1 } }, "signature" : { "hash" : { "$binary" : { "base64" : "R/kbheNMVsfP6/AvIf2LqGN34uI=", "subType" : "00" } }, "keyId" : 6727639972205035521 } } }' with request id 105 to database admin on connection [connectionId{localValue:6, serverValue:32103}] to server cluster0-shard-00-02-p47vy.mongodb.net:27017
05:10:39.916 [cluster-ClusterId{value='5d60796b5105a11fb0112ea8', description='null'}-cluster0-shard-00-02-p47vy.mongodb.net:27017] DEBUG org.mongodb.driver.protocol.command - Sending command '{ "ismaster" : 1, "$db" : "admin", "$clusterTime" : { "clusterTime" : { "$timestamp" : { "t" : 1566623430, "i" : 1 } }, "signature" : { "hash" : { "$binary" : { "base64" : "D/qoBGZcoPdo5mF6E7MhYWBbL9w=", "subType" : "00" } }, "keyId" : 6727639972205035521 } } }' with request id 104 to database admin on connection [connectionId{localValue:11, serverValue:31233}] to server cluster0-shard-00-02-p47vy.mongodb.net:27017
05:10:39.916 [cluster-ClusterId{value='5d60796b5105a11fb0112ea8', description='null'}-cluster0-shard-00-01-p47vy.mongodb.net:27017] DEBUG org.mongodb.driver.protocol.command - Sending command '{ "ismaster" : 1, "$db" : "admin", "$clusterTime" : { "clusterTime" : { "$timestamp" : { "t" : 1566623430, "i" : 1 } }, "signature" : { "hash" : { "$binary" : { "base64" : "D/qoBGZcoPdo5mF6E7MhYWBbL9w=", "subType" : "00" } }, "keyId" : 6727639972205035521 } } }' with request id 103 to database admin on connection [connectionId{localValue:13, serverValue:31025}] to server cluster0-shard-00-01-p47vy.mongodb.net:27017
05:10:39.982 [cluster-ClusterId{value='5d6079615105a11fb0112ea5', description='null'}-cluster0-shard-00-01-p47vy.mongodb.net:27017] DEBUG org.mongodb.driver.cluster - Checking status of cluster0-shard-00-01-p47vy.mongodb.net:27017
05:10:39.982 [cluster-ClusterId{value='5d6079615105a11fb0112ea5', description='null'}-cluster0-shard-00-01-p47vy.mongodb.net:27017] DEBUG org.mongodb.driver.protocol.command - Sending command '{ "ismaster" : 1, "$db" : "admin", "$clusterTime" : { "clusterTime" : { "$timestamp" : { "t" : 1566623429, "i" : 1 } }, "signature" : { "hash" : { "$binary" : { "base64" : "R/kbheNMVsfP6/AvIf2LqGN34uI=", "subType" : "00" } }, "keyId" : 6727639972205035521 } } }' with request id 106 to database admin on connection [connectionId{localValue:5, serverValue:31025}] to server cluster0-shard-00-01-p47vy.mongodb.net:27017
05:10:40.170 [cluster-ClusterId{value='5d6079615105a11fb0112ea5', description='null'}-cluster0-shard-00-02-p47vy.mongodb.net:27017] DEBUG org.mongodb.driver.protocol.command - Execution of command with request id 105 completed successfully in 253.44 ms on connection [connectionId{localValue:6, serverValue:32103}] to server cluster0-shard-00-02-p47vy.mongodb.net:27017
05:10:40.170 [cluster-ClusterId{value='5d6079615105a11fb0112ea5', description='null'}-cluster0-shard-00-00-p47vy.mongodb.net:27017] DEBUG org.mongodb.driver.protocol.command - Execution of command with request id 102 completed successfully in 261.11 ms on connection [connectionId{localValue:4, serverValue:34630}] to server cluster0-shard-00-00-p47vy.mongodb.net:27017
05:10:40.171 [cluster-ClusterId{value='5d6079615105a11fb0112ea5', description='null'}-cluster0-shard-00-00-p47vy.mongodb.net:27017] DEBUG org.mongodb.driver.cluster - Updating cluster description to  {type=REPLICA_SET, servers=[{address=cluster0-shard-00-02-p47vy.mongodb.net:27017, type=REPLICA_SET_SECONDARY, TagSet{[Tag{name='region', value='US_EAST_1'}, Tag{name='provider', value='AWS'}, Tag{name='nodeType', value='ELECTABLE'}]}, roundTripTime=272.4 ms, state=CONNECTED}, {address=cluster0-shard-00-01-p47vy.mongodb.net:27017, type=REPLICA_SET_SECONDARY, TagSet{[Tag{name='region', value='US_EAST_1'}, Tag{name='provider', value='AWS'}, Tag{name='nodeType', value='ELECTABLE'}]}, roundTripTime=249.6 ms, state=CONNECTED}, {address=cluster0-shard-00-00-p47vy.mongodb.net:27017, type=REPLICA_SET_PRIMARY, TagSet{[Tag{name='provider', value='AWS'}, Tag{name='nodeType', value='ELECTABLE'}, Tag{name='region', value='US_EAST_1'}]}, roundTripTime=266.1 ms, state=CONNECTED}]
05:10:40.171 [cluster-ClusterId{value='5d6079615105a11fb0112ea5', description='null'}-cluster0-shard-00-02-p47vy.mongodb.net:27017] DEBUG org.mongodb.driver.cluster - Updating cluster description to  {type=REPLICA_SET, servers=[{address=cluster0-shard-00-02-p47vy.mongodb.net:27017, type=REPLICA_SET_SECONDARY, TagSet{[Tag{name='region', value='US_EAST_1'}, Tag{name='provider', value='AWS'}, Tag{name='nodeType', value='ELECTABLE'}]}, roundTripTime=268.7 ms, state=CONNECTED}, {address=cluster0-shard-00-01-p47vy.mongodb.net:27017, type=REPLICA_SET_SECONDARY, TagSet{[Tag{name='region', value='US_EAST_1'}, Tag{name='provider', value='AWS'}, Tag{name='nodeType', value='ELECTABLE'}]}, roundTripTime=249.6 ms, state=CONNECTED}, {address=cluster0-shard-00-00-p47vy.mongodb.net:27017, type=REPLICA_SET_PRIMARY, TagSet{[Tag{name='provider', value='AWS'}, Tag{name='nodeType', value='ELECTABLE'}, Tag{name='region', value='US_EAST_1'}]}, roundTripTime=266.1 ms, state=CONNECTED}]
05:10:40.173 [cluster-ClusterId{value='5d60796b5105a11fb0112ea8', description='null'}-cluster0-shard-00-01-p47vy.mongodb.net:27017] DEBUG org.mongodb.driver.protocol.command - Execution of command with request id 103 completed successfully in 256.15 ms on connection [connectionId{localValue:13, serverValue:31025}] to server cluster0-shard-00-01-p47vy.mongodb.net:27017
05:10:40.173 [cluster-ClusterId{value='5d60796b5105a11fb0112ea8', description='null'}-cluster0-shard-00-01-p47vy.mongodb.net:27017] DEBUG org.mongodb.driver.cluster - Updating cluster description to  {type=REPLICA_SET, servers=[{address=cluster0-shard-00-02-p47vy.mongodb.net:27017, type=REPLICA_SET_SECONDARY, TagSet{[Tag{name='region', value='US_EAST_1'}, Tag{name='provider', value='AWS'}, Tag{name='nodeType', value='ELECTABLE'}]}, roundTripTime=297.9 ms, state=CONNECTED}, {address=cluster0-shard-00-01-p47vy.mongodb.net:27017, type=REPLICA_SET_SECONDARY, TagSet{[Tag{name='region', value='US_EAST_1'}, Tag{name='provider', value='AWS'}, Tag{name='nodeType', value='ELECTABLE'}]}, roundTripTime=290.9 ms, state=CONNECTED}, {address=cluster0-shard-00-00-p47vy.mongodb.net:27017, type=REPLICA_SET_PRIMARY, TagSet{[Tag{name='provider', value='AWS'}, Tag{name='nodeType', value='ELECTABLE'}, Tag{name='region', value='US_EAST_1'}]}, roundTripTime=294.5 ms, state=CONNECTED}]
05:10:40.177 [cluster-ClusterId{value='5d60796b5105a11fb0112ea8', description='null'}-cluster0-shard-00-02-p47vy.mongodb.net:27017] DEBUG org.mongodb.driver.protocol.command - Execution of command with request id 104 completed successfully in 260.96 ms on connection [connectionId{localValue:11, serverValue:31233}] to server cluster0-shard-00-02-p47vy.mongodb.net:27017
05:10:40.178 [cluster-ClusterId{value='5d60796b5105a11fb0112ea8', description='null'}-cluster0-shard-00-02-p47vy.mongodb.net:27017] DEBUG org.mongodb.driver.cluster - Updating cluster description to  {type=REPLICA_SET, servers=[{address=cluster0-shard-00-02-p47vy.mongodb.net:27017, type=REPLICA_SET_SECONDARY, TagSet{[Tag{name='region', value='US_EAST_1'}, Tag{name='provider', value='AWS'}, Tag{name='nodeType', value='ELECTABLE'}]}, roundTripTime=290.6 ms, state=CONNECTED}, {address=cluster0-shard-00-01-p47vy.mongodb.net:27017, type=REPLICA_SET_SECONDARY, TagSet{[Tag{name='region', value='US_EAST_1'}, Tag{name='provider', value='AWS'}, Tag{name='nodeType', value='ELECTABLE'}]}, roundTripTime=290.9 ms, state=CONNECTED}, {address=cluster0-shard-00-00-p47vy.mongodb.net:27017, type=REPLICA_SET_PRIMARY, TagSet{[Tag{name='provider', value='AWS'}, Tag{name='nodeType', value='ELECTABLE'}, Tag{name='region', value='US_EAST_1'}]}, roundTripTime=294.5 ms, state=CONNECTED}]
05:10:40.187 [cluster-ClusterId{value='5d60796b5105a11fb0112ea8', description='null'}-cluster0-shard-00-00-p47vy.mongodb.net:27017] DEBUG org.mongodb.driver.cluster - Checking status of cluster0-shard-00-00-p47vy.mongodb.net:27017
05:10:40.187 [cluster-ClusterId{value='5d60796b5105a11fb0112ea8', description='null'}-cluster0-shard-00-00-p47vy.mongodb.net:27017] DEBUG org.mongodb.driver.protocol.command - Sending command '{ "ismaster" : 1, "$db" : "admin", "$clusterTime" : { "clusterTime" : { "$timestamp" : { "t" : 1566623440, "i" : 1 } }, "signature" : { "hash" : { "$binary" : { "base64" : "5JnJQiepKCYT0wQKotb/n3PKkRs=", "subType" : "00" } }, "keyId" : 6727639972205035521 } } }' with request id 107 to database admin on connection [connectionId{localValue:12, serverValue:29210}] to server cluster0-shard-00-00-p47vy.mongodb.net:27017
05:10:40.250 [cluster-ClusterId{value='5d6079615105a11fb0112ea5', description='null'}-cluster0-shard-00-01-p47vy.mongodb.net:27017] DEBUG org.mongodb.driver.protocol.command - Execution of command with request id 106 completed successfully in 267.70 ms on connection [connectionId{localValue:5, serverValue:31025}] to server cluster0-shard-00-01-p47vy.mongodb.net:27017
05:10:40.251 [cluster-ClusterId{value='5d6079615105a11fb0112ea5', description='null'}-cluster0-shard-00-01-p47vy.mongodb.net:27017] DEBUG org.mongodb.driver.cluster - Updating cluster description to  {type=REPLICA_SET, servers=[{address=cluster0-shard-00-02-p47vy.mongodb.net:27017, type=REPLICA_SET_SECONDARY, TagSet{[Tag{name='region', value='US_EAST_1'}, Tag{name='provider', value='AWS'}, Tag{name='nodeType', value='ELECTABLE'}]}, roundTripTime=268.7 ms, state=CONNECTED}, {address=cluster0-shard-00-01-p47vy.mongodb.net:27017, type=REPLICA_SET_SECONDARY, TagSet{[Tag{name='region', value='US_EAST_1'}, Tag{name='provider', value='AWS'}, Tag{name='nodeType', value='ELECTABLE'}]}, roundTripTime=253.4 ms, state=CONNECTED}, {address=cluster0-shard-00-00-p47vy.mongodb.net:27017, type=REPLICA_SET_PRIMARY, TagSet{[Tag{name='provider', value='AWS'}, Tag{name='nodeType', value='ELECTABLE'}, Tag{name='region', value='US_EAST_1'}]}, roundTripTime=266.1 ms, state=CONNECTED}]
05:10:40.457 [cluster-ClusterId{value='5d60796b5105a11fb0112ea8', description='null'}-cluster0-shard-00-00-p47vy.mongodb.net:27017] DEBUG org.mongodb.driver.protocol.command - Execution of command with request id 107 completed successfully in 269.97 ms on connection [connectionId{localValue:12, serverValue:29210}] to server cluster0-shard-00-00-p47vy.mongodb.net:27017
05:10:40.458 [cluster-ClusterId{value='5d60796b5105a11fb0112ea8', description='null'}-cluster0-shard-00-00-p47vy.mongodb.net:27017] DEBUG org.mongodb.driver.cluster - Updating cluster description to  {type=REPLICA_SET, servers=[{address=cluster0-shard-00-02-p47vy.mongodb.net:27017, type=REPLICA_SET_SECONDARY, TagSet{[Tag{name='region', value='US_EAST_1'}, Tag{name='provider', value='AWS'}, Tag{name='nodeType', value='ELECTABLE'}]}, roundTripTime=290.6 ms, state=CONNECTED}, {address=cluster0-shard-00-01-p47vy.mongodb.net:27017, type=REPLICA_SET_SECONDARY, TagSet{[Tag{name='region', value='US_EAST_1'}, Tag{name='provider', value='AWS'}, Tag{name='nodeType', value='ELECTABLE'}]}, roundTripTime=290.9 ms, state=CONNECTED}, {address=cluster0-shard-00-00-p47vy.mongodb.net:27017, type=REPLICA_SET_PRIMARY, TagSet{[Tag{name='provider', value='AWS'}, Tag{name='nodeType', value='ELECTABLE'}, Tag{name='region', value='US_EAST_1'}]}, roundTripTime=289.7 ms, state=CONNECTED}]
05:10:41.017 [cluster-ClusterId{value='5d6079775105a11fb0112eab', description='null'}-cluster0-shard-00-02-p47vy.mongodb.net:27017] INFO org.mongodb.driver.connection - Opened connection [connectionId{localValue:21, serverValue:31228}] to cluster0-shard-00-02-p47vy.mongodb.net:27017
05:10:41.017 [cluster-ClusterId{value='5d6079775105a11fb0112eab', description='null'}-cluster0-shard-00-02-p47vy.mongodb.net:27017] DEBUG org.mongodb.driver.cluster - Checking status of cluster0-shard-00-02-p47vy.mongodb.net:27017
05:10:41.017 [cluster-ClusterId{value='5d6079775105a11fb0112eab', description='null'}-cluster0-shard-00-02-p47vy.mongodb.net:27017] DEBUG org.mongodb.driver.protocol.command - Sending command '{ "ismaster" : 1, "$db" : "admin" }' with request id 114 to database admin on connection [connectionId{localValue:21, serverValue:31228}] to server cluster0-shard-00-02-p47vy.mongodb.net:27017
05:10:41.044 [cluster-ClusterId{value='5d6079775105a11fb0112eab', description='null'}-cluster0-shard-00-01-p47vy.mongodb.net:27017] INFO org.mongodb.driver.connection - Opened connection [connectionId{localValue:23, serverValue:31029}] to cluster0-shard-00-01-p47vy.mongodb.net:27017
05:10:41.044 [cluster-ClusterId{value='5d6079775105a11fb0112eab', description='null'}-cluster0-shard-00-01-p47vy.mongodb.net:27017] DEBUG org.mongodb.driver.cluster - Checking status of cluster0-shard-00-01-p47vy.mongodb.net:27017
05:10:41.045 [cluster-ClusterId{value='5d6079775105a11fb0112eab', description='null'}-cluster0-shard-00-01-p47vy.mongodb.net:27017] DEBUG org.mongodb.driver.protocol.command - Sending command '{ "ismaster" : 1, "$db" : "admin" }' with request id 115 to database admin on connection [connectionId{localValue:23, serverValue:31029}] to server cluster0-shard-00-01-p47vy.mongodb.net:27017
05:10:41.060 [cluster-ClusterId{value='5d6079775105a11fb0112eab', description='null'}-cluster0-shard-00-00-p47vy.mongodb.net:27017] INFO org.mongodb.driver.connection - Opened connection [connectionId{localValue:22, serverValue:34630}] to cluster0-shard-00-00-p47vy.mongodb.net:27017
05:10:41.060 [cluster-ClusterId{value='5d6079775105a11fb0112eab', description='null'}-cluster0-shard-00-00-p47vy.mongodb.net:27017] DEBUG org.mongodb.driver.cluster - Checking status of cluster0-shard-00-00-p47vy.mongodb.net:27017
05:10:41.060 [cluster-ClusterId{value='5d6079775105a11fb0112eab', description='null'}-cluster0-shard-00-00-p47vy.mongodb.net:27017] DEBUG org.mongodb.driver.protocol.command - Sending command '{ "ismaster" : 1, "$db" : "admin" }' with request id 116 to database admin on connection [connectionId{localValue:22, serverValue:34630}] to server cluster0-shard-00-00-p47vy.mongodb.net:27017
05:10:41.256 [cluster-ClusterId{value='5d6079775105a11fb0112eab', description='null'}-cluster0-shard-00-02-p47vy.mongodb.net:27017] DEBUG org.mongodb.driver.protocol.command - Execution of command with request id 114 completed successfully in 238.81 ms on connection [connectionId{localValue:21, serverValue:31228}] to server cluster0-shard-00-02-p47vy.mongodb.net:27017
05:10:41.256 [cluster-ClusterId{value='5d6079775105a11fb0112eab', description='null'}-cluster0-shard-00-02-p47vy.mongodb.net:27017] INFO org.mongodb.driver.cluster - Monitor thread successfully connected to server with description ServerDescription{address=cluster0-shard-00-02-p47vy.mongodb.net:27017, type=REPLICA_SET_SECONDARY, state=CONNECTED, ok=true, version=ServerVersion{versionList=[4, 0, 12]}, minWireVersion=0, maxWireVersion=7, maxDocumentSize=16777216, logicalSessionTimeoutMinutes=30, roundTripTimeNanos=239290800, setName='Cluster0-shard-0', canonicalAddress=cluster0-shard-00-02-p47vy.mongodb.net:27017, hosts=[cluster0-shard-00-02-p47vy.mongodb.net:27017, cluster0-shard-00-01-p47vy.mongodb.net:27017, cluster0-shard-00-00-p47vy.mongodb.net:27017], passives=[], arbiters=[], primary='cluster0-shard-00-00-p47vy.mongodb.net:27017', tagSet=TagSet{[Tag{name='region', value='US_EAST_1'}, Tag{name='provider', value='AWS'}, Tag{name='nodeType', value='ELECTABLE'}]}, electionId=null, setVersion=1, lastWriteDate=Sat Aug 24 10:40:41 IST 2019, lastUpdateTimeNanos=6323369652937}
05:10:41.256 [cluster-ClusterId{value='5d6079775105a11fb0112eab', description='null'}-cluster0-shard-00-02-p47vy.mongodb.net:27017] DEBUG org.mongodb.driver.cluster - Updating cluster description to  {type=REPLICA_SET, servers=[{address=cluster0-shard-00-02-p47vy.mongodb.net:27017, type=REPLICA_SET_SECONDARY, TagSet{[Tag{name='region', value='US_EAST_1'}, Tag{name='provider', value='AWS'}, Tag{name='nodeType', value='ELECTABLE'}]}, roundTripTime=239.3 ms, state=CONNECTED}, {address=cluster0-shard-00-01-p47vy.mongodb.net:27017, type=UNKNOWN, state=CONNECTING}, {address=cluster0-shard-00-00-p47vy.mongodb.net:27017, type=UNKNOWN, state=CONNECTING}]
05:10:41.301 [cluster-ClusterId{value='5d6079775105a11fb0112eab', description='null'}-cluster0-shard-00-01-p47vy.mongodb.net:27017] DEBUG org.mongodb.driver.protocol.command - Execution of command with request id 115 completed successfully in 256.02 ms on connection [connectionId{localValue:23, serverValue:31029}] to server cluster0-shard-00-01-p47vy.mongodb.net:27017
05:10:41.302 [cluster-ClusterId{value='5d6079775105a11fb0112eab', description='null'}-cluster0-shard-00-01-p47vy.mongodb.net:27017] INFO org.mongodb.driver.cluster - Monitor thread successfully connected to server with description ServerDescription{address=cluster0-shard-00-01-p47vy.mongodb.net:27017, type=REPLICA_SET_SECONDARY, state=CONNECTED, ok=true, version=ServerVersion{versionList=[4, 0, 12]}, minWireVersion=0, maxWireVersion=7, maxDocumentSize=16777216, logicalSessionTimeoutMinutes=30, roundTripTimeNanos=257305251, setName='Cluster0-shard-0', canonicalAddress=cluster0-shard-00-01-p47vy.mongodb.net:27017, hosts=[cluster0-shard-00-02-p47vy.mongodb.net:27017, cluster0-shard-00-01-p47vy.mongodb.net:27017, cluster0-shard-00-00-p47vy.mongodb.net:27017], passives=[], arbiters=[], primary='cluster0-shard-00-00-p47vy.mongodb.net:27017', tagSet=TagSet{[Tag{name='region', value='US_EAST_1'}, Tag{name='provider', value='AWS'}, Tag{name='nodeType', value='ELECTABLE'}]}, electionId=null, setVersion=1, lastWriteDate=Sat Aug 24 10:40:41 IST 2019, lastUpdateTimeNanos=6323415579376}
05:10:41.302 [cluster-ClusterId{value='5d6079775105a11fb0112eab', description='null'}-cluster0-shard-00-01-p47vy.mongodb.net:27017] DEBUG org.mongodb.driver.cluster - Updating cluster description to  {type=REPLICA_SET, servers=[{address=cluster0-shard-00-02-p47vy.mongodb.net:27017, type=REPLICA_SET_SECONDARY, TagSet{[Tag{name='region', value='US_EAST_1'}, Tag{name='provider', value='AWS'}, Tag{name='nodeType', value='ELECTABLE'}]}, roundTripTime=239.3 ms, state=CONNECTED}, {address=cluster0-shard-00-01-p47vy.mongodb.net:27017, type=REPLICA_SET_SECONDARY, TagSet{[Tag{name='region', value='US_EAST_1'}, Tag{name='provider', value='AWS'}, Tag{name='nodeType', value='ELECTABLE'}]}, roundTripTime=257.3 ms, state=CONNECTED}, {address=cluster0-shard-00-00-p47vy.mongodb.net:27017, type=UNKNOWN, state=CONNECTING}]
05:10:41.304 [cluster-ClusterId{value='5d6079775105a11fb0112eab', description='null'}-cluster0-shard-00-00-p47vy.mongodb.net:27017] DEBUG org.mongodb.driver.protocol.command - Execution of command with request id 116 completed successfully in 244.13 ms on connection [connectionId{localValue:22, serverValue:34630}] to server cluster0-shard-00-00-p47vy.mongodb.net:27017
05:10:41.305 [cluster-ClusterId{value='5d6079775105a11fb0112eab', description='null'}-cluster0-shard-00-00-p47vy.mongodb.net:27017] INFO org.mongodb.driver.cluster - Monitor thread successfully connected to server with description ServerDescription{address=cluster0-shard-00-00-p47vy.mongodb.net:27017, type=REPLICA_SET_PRIMARY, state=CONNECTED, ok=true, version=ServerVersion{versionList=[4, 0, 12]}, minWireVersion=0, maxWireVersion=7, maxDocumentSize=16777216, logicalSessionTimeoutMinutes=30, roundTripTimeNanos=244476795, setName='Cluster0-shard-0', canonicalAddress=cluster0-shard-00-00-p47vy.mongodb.net:27017, hosts=[cluster0-shard-00-02-p47vy.mongodb.net:27017, cluster0-shard-00-01-p47vy.mongodb.net:27017, cluster0-shard-00-00-p47vy.mongodb.net:27017], passives=[], arbiters=[], primary='cluster0-shard-00-00-p47vy.mongodb.net:27017', tagSet=TagSet{[Tag{name='provider', value='AWS'}, Tag{name='nodeType', value='ELECTABLE'}, Tag{name='region', value='US_EAST_1'}]}, electionId=7fffffff0000000000000001, setVersion=1, lastWriteDate=Sat Aug 24 10:40:41 IST 2019, lastUpdateTimeNanos=6323417944249}
05:10:41.305 [cluster-ClusterId{value='5d6079775105a11fb0112eab', description='null'}-cluster0-shard-00-00-p47vy.mongodb.net:27017] INFO org.mongodb.driver.cluster - Setting max election id to 7fffffff0000000000000001 from replica set primary cluster0-shard-00-00-p47vy.mongodb.net:27017
05:10:41.305 [cluster-ClusterId{value='5d6079775105a11fb0112eab', description='null'}-cluster0-shard-00-00-p47vy.mongodb.net:27017] INFO org.mongodb.driver.cluster - Setting max set version to 1 from replica set primary cluster0-shard-00-00-p47vy.mongodb.net:27017
05:10:41.305 [cluster-ClusterId{value='5d6079775105a11fb0112eab', description='null'}-cluster0-shard-00-00-p47vy.mongodb.net:27017] INFO org.mongodb.driver.cluster - Discovered replica set primary cluster0-shard-00-00-p47vy.mongodb.net:27017
05:10:41.305 [cluster-ClusterId{value='5d6079775105a11fb0112eab', description='null'}-cluster0-shard-00-00-p47vy.mongodb.net:27017] DEBUG org.mongodb.driver.cluster - Updating cluster description to  {type=REPLICA_SET, servers=[{address=cluster0-shard-00-02-p47vy.mongodb.net:27017, type=REPLICA_SET_SECONDARY, TagSet{[Tag{name='region', value='US_EAST_1'}, Tag{name='provider', value='AWS'}, Tag{name='nodeType', value='ELECTABLE'}]}, roundTripTime=239.3 ms, state=CONNECTED}, {address=cluster0-shard-00-01-p47vy.mongodb.net:27017, type=REPLICA_SET_SECONDARY, TagSet{[Tag{name='region', value='US_EAST_1'}, Tag{name='provider', value='AWS'}, Tag{name='nodeType', value='ELECTABLE'}]}, roundTripTime=257.3 ms, state=CONNECTED}, {address=cluster0-shard-00-00-p47vy.mongodb.net:27017, type=REPLICA_SET_PRIMARY, TagSet{[Tag{name='provider', value='AWS'}, Tag{name='nodeType', value='ELECTABLE'}, Tag{name='region', value='US_EAST_1'}]}, roundTripTime=244.5 ms, state=CONNECTED}]
05:10:41.615 [main] INFO org.mongodb.driver.cluster - Cluster created with settings {hosts=[cluster0-shard-00-01-p47vy.mongodb.net:27017, cluster0-shard-00-02-p47vy.mongodb.net:27017, cluster0-shard-00-00-p47vy.mongodb.net:27017], mode=MULTIPLE, requiredClusterType=REPLICA_SET, serverSelectionTimeout='30000 ms', maxWaitQueueSize=500, requiredReplicaSetName='Cluster0-shard-0'}
05:10:41.615 [main] INFO org.mongodb.driver.cluster - Adding discovered server cluster0-shard-00-01-p47vy.mongodb.net:27017 to client view of cluster
05:10:41.615 [main] INFO org.mongodb.driver.cluster - Adding discovered server cluster0-shard-00-02-p47vy.mongodb.net:27017 to client view of cluster
05:10:41.615 [main] INFO org.mongodb.driver.cluster - Adding discovered server cluster0-shard-00-00-p47vy.mongodb.net:27017 to client view of cluster
05:10:41.616 [main] DEBUG org.mongodb.driver.cluster - Updating cluster description to  {type=REPLICA_SET, servers=[{address=cluster0-shard-00-02-p47vy.mongodb.net:27017, type=UNKNOWN, state=CONNECTING}, {address=cluster0-shard-00-01-p47vy.mongodb.net:27017, type=UNKNOWN, state=CONNECTING}, {address=cluster0-shard-00-00-p47vy.mongodb.net:27017, type=UNKNOWN, state=CONNECTING}]
05:10:41.679 [cluster-ClusterId{value='5d60796d5105a11fb0112ea9', description='null'}-cluster0-shard-00-00-p47vy.mongodb.net:27017] DEBUG org.mongodb.driver.cluster - Checking status of cluster0-shard-00-00-p47vy.mongodb.net:27017
05:10:41.679 [cluster-ClusterId{value='5d60796d5105a11fb0112ea9', description='null'}-cluster0-shard-00-00-p47vy.mongodb.net:27017] DEBUG org.mongodb.driver.protocol.command - Sending command '{ "ismaster" : 1, "$db" : "admin", "$clusterTime" : { "clusterTime" : { "$timestamp" : { "t" : 1566623431, "i" : 1 } }, "signature" : { "hash" : { "$binary" : { "base64" : "8fsh1HD0epTksmWjBSvNFQSPESU=", "subType" : "00" } }, "keyId" : 6727639972205035521 } } }' with request id 117 to database admin on connection [connectionId{localValue:15, serverValue:29210}] to server cluster0-shard-00-00-p47vy.mongodb.net:27017
05:10:41.803 [cluster-ClusterId{value='5d60796d5105a11fb0112ea9', description='null'}-cluster0-shard-00-02-p47vy.mongodb.net:27017] DEBUG org.mongodb.driver.cluster - Checking status of cluster0-shard-00-02-p47vy.mongodb.net:27017
05:10:41.803 [cluster-ClusterId{value='5d60796d5105a11fb0112ea9', description='null'}-cluster0-shard-00-02-p47vy.mongodb.net:27017] DEBUG org.mongodb.driver.protocol.command - Sending command '{ "ismaster" : 1, "$db" : "admin", "$clusterTime" : { "clusterTime" : { "$timestamp" : { "t" : 1566623431, "i" : 1 } }, "signature" : { "hash" : { "$binary" : { "base64" : "8fsh1HD0epTksmWjBSvNFQSPESU=", "subType" : "00" } }, "keyId" : 6727639972205035521 } } }' with request id 118 to database admin on connection [connectionId{localValue:14, serverValue:31228}] to server cluster0-shard-00-02-p47vy.mongodb.net:27017
05:10:41.909 [cluster-ClusterId{value='5d60796d5105a11fb0112ea9', description='null'}-cluster0-shard-00-01-p47vy.mongodb.net:27017] DEBUG org.mongodb.driver.cluster - Checking status of cluster0-shard-00-01-p47vy.mongodb.net:27017
05:10:41.909 [cluster-ClusterId{value='5d60796d5105a11fb0112ea9', description='null'}-cluster0-shard-00-01-p47vy.mongodb.net:27017] DEBUG org.mongodb.driver.protocol.command - Sending command '{ "ismaster" : 1, "$db" : "admin", "$clusterTime" : { "clusterTime" : { "$timestamp" : { "t" : 1566623431, "i" : 1 } }, "signature" : { "hash" : { "$binary" : { "base64" : "8fsh1HD0epTksmWjBSvNFQSPESU=", "subType" : "00" } }, "keyId" : 6727639972205035521 } } }' with request id 122 to database admin on connection [connectionId{localValue:16, serverValue:31025}] to server cluster0-shard-00-01-p47vy.mongodb.net:27017
05:10:41.939 [cluster-ClusterId{value='5d60796d5105a11fb0112ea9', description='null'}-cluster0-shard-00-00-p47vy.mongodb.net:27017] DEBUG org.mongodb.driver.protocol.command - Execution of command with request id 117 completed successfully in 259.86 ms on connection [connectionId{localValue:15, serverValue:29210}] to server cluster0-shard-00-00-p47vy.mongodb.net:27017
05:10:41.939 [cluster-ClusterId{value='5d60796d5105a11fb0112ea9', description='null'}-cluster0-shard-00-00-p47vy.mongodb.net:27017] DEBUG org.mongodb.driver.cluster - Updating cluster description to  {type=REPLICA_SET, servers=[{address=cluster0-shard-00-02-p47vy.mongodb.net:27017, type=REPLICA_SET_SECONDARY, TagSet{[Tag{name='region', value='US_EAST_1'}, Tag{name='provider', value='AWS'}, Tag{name='nodeType', value='ELECTABLE'}]}, roundTripTime=270.0 ms, state=CONNECTED}, {address=cluster0-shard-00-01-p47vy.mongodb.net:27017, type=REPLICA_SET_SECONDARY, TagSet{[Tag{name='region', value='US_EAST_1'}, Tag{name='provider', value='AWS'}, Tag{name='nodeType', value='ELECTABLE'}]}, roundTripTime=262.3 ms, state=CONNECTED}, {address=cluster0-shard-00-00-p47vy.mongodb.net:27017, type=REPLICA_SET_PRIMARY, TagSet{[Tag{name='provider', value='AWS'}, Tag{name='nodeType', value='ELECTABLE'}, Tag{name='region', value='US_EAST_1'}]}, roundTripTime=251.5 ms, state=CONNECTED}]
05:10:42.074 [cluster-ClusterId{value='5d6079635105a11fb0112ea6', description='null'}-cluster0-shard-00-00-p47vy.mongodb.net:27017] DEBUG org.mongodb.driver.cluster - Checking status of cluster0-shard-00-00-p47vy.mongodb.net:27017
05:10:42.074 [cluster-ClusterId{value='5d6079635105a11fb0112ea6', description='null'}-cluster0-shard-00-00-p47vy.mongodb.net:27017] DEBUG org.mongodb.driver.protocol.command - Sending command '{ "ismaster" : 1, "$db" : "admin", "$clusterTime" : { "clusterTime" : { "$timestamp" : { "t" : 1566623431, "i" : 1 } }, "signature" : { "hash" : { "$binary" : { "base64" : "8fsh1HD0epTksmWjBSvNFQSPESU=", "subType" : "00" } }, "keyId" : 6727639972205035521 } } }' with request id 123 to database admin on connection [connectionId{localValue:8, serverValue:34630}] to server cluster0-shard-00-00-p47vy.mongodb.net:27017
05:10:42.083 [cluster-ClusterId{value='5d60796d5105a11fb0112ea9', description='null'}-cluster0-shard-00-02-p47vy.mongodb.net:27017] DEBUG org.mongodb.driver.protocol.command - Execution of command with request id 118 completed successfully in 279.55 ms on connection [connectionId{localValue:14, serverValue:31228}] to server cluster0-shard-00-02-p47vy.mongodb.net:27017
05:10:42.084 [cluster-ClusterId{value='5d60796d5105a11fb0112ea9', description='null'}-cluster0-shard-00-02-p47vy.mongodb.net:27017] DEBUG org.mongodb.driver.cluster - Updating cluster description to  {type=REPLICA_SET, servers=[{address=cluster0-shard-00-02-p47vy.mongodb.net:27017, type=REPLICA_SET_SECONDARY, TagSet{[Tag{name='region', value='US_EAST_1'}, Tag{name='provider', value='AWS'}, Tag{name='nodeType', value='ELECTABLE'}]}, roundTripTime=272.1 ms, state=CONNECTED}, {address=cluster0-shard-00-01-p47vy.mongodb.net:27017, type=REPLICA_SET_SECONDARY, TagSet{[Tag{name='region', value='US_EAST_1'}, Tag{name='provider', value='AWS'}, Tag{name='nodeType', value='ELECTABLE'}]}, roundTripTime=262.3 ms, state=CONNECTED}, {address=cluster0-shard-00-00-p47vy.mongodb.net:27017, type=REPLICA_SET_PRIMARY, TagSet{[Tag{name='provider', value='AWS'}, Tag{name='nodeType', value='ELECTABLE'}, Tag{name='region', value='US_EAST_1'}]}, roundTripTime=251.5 ms, state=CONNECTED}]
05:10:42.093 [cluster-ClusterId{value='5d6079635105a11fb0112ea6', description='null'}-cluster0-shard-00-01-p47vy.mongodb.net:27017] DEBUG org.mongodb.driver.cluster - Checking status of cluster0-shard-00-01-p47vy.mongodb.net:27017
05:10:42.093 [cluster-ClusterId{value='5d6079635105a11fb0112ea6', description='null'}-cluster0-shard-00-01-p47vy.mongodb.net:27017] DEBUG org.mongodb.driver.protocol.command - Sending command '{ "ismaster" : 1, "$db" : "admin", "$clusterTime" : { "clusterTime" : { "$timestamp" : { "t" : 1566623431, "i" : 1 } }, "signature" : { "hash" : { "$binary" : { "base64" : "8fsh1HD0epTksmWjBSvNFQSPESU=", "subType" : "00" } }, "keyId" : 6727639972205035521 } } }' with request id 124 to database admin on connection [connectionId{localValue:9, serverValue:31029}] to server cluster0-shard-00-01-p47vy.mongodb.net:27017
05:10:42.097 [cluster-ClusterId{value='5d6079635105a11fb0112ea6', description='null'}-cluster0-shard-00-02-p47vy.mongodb.net:27017] DEBUG org.mongodb.driver.cluster - Checking status of cluster0-shard-00-02-p47vy.mongodb.net:27017
05:10:42.097 [cluster-ClusterId{value='5d6079635105a11fb0112ea6', description='null'}-cluster0-shard-00-02-p47vy.mongodb.net:27017] DEBUG org.mongodb.driver.protocol.command - Sending command '{ "ismaster" : 1, "$db" : "admin", "$clusterTime" : { "clusterTime" : { "$timestamp" : { "t" : 1566623431, "i" : 1 } }, "signature" : { "hash" : { "$binary" : { "base64" : "8fsh1HD0epTksmWjBSvNFQSPESU=", "subType" : "00" } }, "keyId" : 6727639972205035521 } } }' with request id 125 to database admin on connection [connectionId{localValue:7, serverValue:31222}] to server cluster0-shard-00-02-p47vy.mongodb.net:27017
05:10:42.168 [cluster-ClusterId{value='5d60796d5105a11fb0112ea9', description='null'}-cluster0-shard-00-01-p47vy.mongodb.net:27017] DEBUG org.mongodb.driver.protocol.command - Execution of command with request id 122 completed successfully in 258.88 ms on connection [connectionId{localValue:16, serverValue:31025}] to server cluster0-shard-00-01-p47vy.mongodb.net:27017
05:10:42.169 [cluster-ClusterId{value='5d60796d5105a11fb0112ea9', description='null'}-cluster0-shard-00-01-p47vy.mongodb.net:27017] DEBUG org.mongodb.driver.cluster - Updating cluster description to  {type=REPLICA_SET, servers=[{address=cluster0-shard-00-02-p47vy.mongodb.net:27017, type=REPLICA_SET_SECONDARY, TagSet{[Tag{name='region', value='US_EAST_1'}, Tag{name='provider', value='AWS'}, Tag{name='nodeType', value='ELECTABLE'}]}, roundTripTime=272.1 ms, state=CONNECTED}, {address=cluster0-shard-00-01-p47vy.mongodb.net:27017, type=REPLICA_SET_SECONDARY, TagSet{[Tag{name='region', value='US_EAST_1'}, Tag{name='provider', value='AWS'}, Tag{name='nodeType', value='ELECTABLE'}]}, roundTripTime=261.7 ms, state=CONNECTED}, {address=cluster0-shard-00-00-p47vy.mongodb.net:27017, type=REPLICA_SET_PRIMARY, TagSet{[Tag{name='provider', value='AWS'}, Tag{name='nodeType', value='ELECTABLE'}, Tag{name='region', value='US_EAST_1'}]}, roundTripTime=251.5 ms, state=CONNECTED}]
05:10:42.333 [cluster-ClusterId{value='5d6079635105a11fb0112ea6', description='null'}-cluster0-shard-00-00-p47vy.mongodb.net:27017] DEBUG org.mongodb.driver.protocol.command - Execution of command with request id 123 completed successfully in 259.39 ms on connection [connectionId{localValue:8, serverValue:34630}] to server cluster0-shard-00-00-p47vy.mongodb.net:27017
05:10:42.333 [cluster-ClusterId{value='5d6079635105a11fb0112ea6', description='null'}-cluster0-shard-00-00-p47vy.mongodb.net:27017] DEBUG org.mongodb.driver.cluster - Updating cluster description to  {type=REPLICA_SET, servers=[{address=cluster0-shard-00-02-p47vy.mongodb.net:27017, type=REPLICA_SET_SECONDARY, TagSet{[Tag{name='region', value='US_EAST_1'}, Tag{name='provider', value='AWS'}, Tag{name='nodeType', value='ELECTABLE'}]}, roundTripTime=265.3 ms, state=CONNECTED}, {address=cluster0-shard-00-01-p47vy.mongodb.net:27017, type=REPLICA_SET_SECONDARY, TagSet{[Tag{name='region', value='US_EAST_1'}, Tag{name='provider', value='AWS'}, Tag{name='nodeType', value='ELECTABLE'}]}, roundTripTime=266.7 ms, state=CONNECTED}, {address=cluster0-shard-00-00-p47vy.mongodb.net:27017, type=REPLICA_SET_PRIMARY, TagSet{[Tag{name='provider', value='AWS'}, Tag{name='nodeType', value='ELECTABLE'}, Tag{name='region', value='US_EAST_1'}]}, roundTripTime=261.9 ms, state=CONNECTED}]
05:10:42.360 [cluster-ClusterId{value='5d6079635105a11fb0112ea6', description='null'}-cluster0-shard-00-01-p47vy.mongodb.net:27017] DEBUG org.mongodb.driver.protocol.command - Execution of command with request id 124 completed successfully in 267.49 ms on connection [connectionId{localValue:9, serverValue:31029}] to server cluster0-shard-00-01-p47vy.mongodb.net:27017
05:10:42.360 [cluster-ClusterId{value='5d6079635105a11fb0112ea6', description='null'}-cluster0-shard-00-01-p47vy.mongodb.net:27017] DEBUG org.mongodb.driver.cluster - Updating cluster description to  {type=REPLICA_SET, servers=[{address=cluster0-shard-00-02-p47vy.mongodb.net:27017, type=REPLICA_SET_SECONDARY, TagSet{[Tag{name='region', value='US_EAST_1'}, Tag{name='provider', value='AWS'}, Tag{name='nodeType', value='ELECTABLE'}]}, roundTripTime=265.3 ms, state=CONNECTED}, {address=cluster0-shard-00-01-p47vy.mongodb.net:27017, type=REPLICA_SET_SECONDARY, TagSet{[Tag{name='region', value='US_EAST_1'}, Tag{name='provider', value='AWS'}, Tag{name='nodeType', value='ELECTABLE'}]}, roundTripTime=266.9 ms, state=CONNECTED}, {address=cluster0-shard-00-00-p47vy.mongodb.net:27017, type=REPLICA_SET_PRIMARY, TagSet{[Tag{name='provider', value='AWS'}, Tag{name='nodeType', value='ELECTABLE'}, Tag{name='region', value='US_EAST_1'}]}, roundTripTime=261.9 ms, state=CONNECTED}]
05:10:42.363 [cluster-ClusterId{value='5d6079635105a11fb0112ea6', description='null'}-cluster0-shard-00-02-p47vy.mongodb.net:27017] DEBUG org.mongodb.driver.protocol.command - Execution of command with request id 125 completed successfully in 266.19 ms on connection [connectionId{localValue:7, serverValue:31222}] to server cluster0-shard-00-02-p47vy.mongodb.net:27017
05:10:42.363 [cluster-ClusterId{value='5d6079635105a11fb0112ea6', description='null'}-cluster0-shard-00-02-p47vy.mongodb.net:27017] DEBUG org.mongodb.driver.cluster - Updating cluster description to  {type=REPLICA_SET, servers=[{address=cluster0-shard-00-02-p47vy.mongodb.net:27017, type=REPLICA_SET_SECONDARY, TagSet{[Tag{name='region', value='US_EAST_1'}, Tag{name='provider', value='AWS'}, Tag{name='nodeType', value='ELECTABLE'}]}, roundTripTime=265.6 ms, state=CONNECTED}, {address=cluster0-shard-00-01-p47vy.mongodb.net:27017, type=REPLICA_SET_SECONDARY, TagSet{[Tag{name='region', value='US_EAST_1'}, Tag{name='provider', value='AWS'}, Tag{name='nodeType', value='ELECTABLE'}]}, roundTripTime=266.9 ms, state=CONNECTED}, {address=cluster0-shard-00-00-p47vy.mongodb.net:27017, type=REPLICA_SET_PRIMARY, TagSet{[Tag{name='provider', value='AWS'}, Tag{name='nodeType', value='ELECTABLE'}, Tag{name='region', value='US_EAST_1'}]}, roundTripTime=261.9 ms, state=CONNECTED}]
05:10:43.385 [cluster-ClusterId{value='5d6079795105a11fb0112eac', description='null'}-cluster0-shard-00-00-p47vy.mongodb.net:27017] INFO org.mongodb.driver.connection - Opened connection [connectionId{localValue:26, serverValue:34630}] to cluster0-shard-00-00-p47vy.mongodb.net:27017
05:10:43.385 [cluster-ClusterId{value='5d6079795105a11fb0112eac', description='null'}-cluster0-shard-00-01-p47vy.mongodb.net:27017] INFO org.mongodb.driver.connection - Opened connection [connectionId{localValue:24, serverValue:31025}] to cluster0-shard-00-01-p47vy.mongodb.net:27017
05:10:43.385 [cluster-ClusterId{value='5d6079795105a11fb0112eac', description='null'}-cluster0-shard-00-02-p47vy.mongodb.net:27017] INFO org.mongodb.driver.connection - Opened connection [connectionId{localValue:25, serverValue:31222}] to cluster0-shard-00-02-p47vy.mongodb.net:27017
05:10:43.385 [cluster-ClusterId{value='5d6079795105a11fb0112eac', description='null'}-cluster0-shard-00-00-p47vy.mongodb.net:27017] DEBUG org.mongodb.driver.cluster - Checking status of cluster0-shard-00-00-p47vy.mongodb.net:27017
05:10:43.385 [cluster-ClusterId{value='5d6079795105a11fb0112eac', description='null'}-cluster0-shard-00-01-p47vy.mongodb.net:27017] DEBUG org.mongodb.driver.cluster - Checking status of cluster0-shard-00-01-p47vy.mongodb.net:27017
05:10:43.385 [cluster-ClusterId{value='5d6079795105a11fb0112eac', description='null'}-cluster0-shard-00-02-p47vy.mongodb.net:27017] DEBUG org.mongodb.driver.cluster - Checking status of cluster0-shard-00-02-p47vy.mongodb.net:27017
05:10:43.386 [cluster-ClusterId{value='5d6079795105a11fb0112eac', description='null'}-cluster0-shard-00-00-p47vy.mongodb.net:27017] DEBUG org.mongodb.driver.protocol.command - Sending command '{ "ismaster" : 1, "$db" : "admin" }' with request id 133 to database admin on connection [connectionId{localValue:26, serverValue:34630}] to server cluster0-shard-00-00-p47vy.mongodb.net:27017
05:10:43.386 [cluster-ClusterId{value='5d6079795105a11fb0112eac', description='null'}-cluster0-shard-00-01-p47vy.mongodb.net:27017] DEBUG org.mongodb.driver.protocol.command - Sending command '{ "ismaster" : 1, "$db" : "admin" }' with request id 134 to database admin on connection [connectionId{localValue:24, serverValue:31025}] to server cluster0-shard-00-01-p47vy.mongodb.net:27017
05:10:43.386 [cluster-ClusterId{value='5d6079795105a11fb0112eac', description='null'}-cluster0-shard-00-02-p47vy.mongodb.net:27017] DEBUG org.mongodb.driver.protocol.command - Sending command '{ "ismaster" : 1, "$db" : "admin" }' with request id 132 to database admin on connection [connectionId{localValue:25, serverValue:31222}] to server cluster0-shard-00-02-p47vy.mongodb.net:27017
05:10:43.701 [cluster-ClusterId{value='5d6079795105a11fb0112eac', description='null'}-cluster0-shard-00-01-p47vy.mongodb.net:27017] DEBUG org.mongodb.driver.protocol.command - Execution of command with request id 134 completed successfully in 315.12 ms on connection [connectionId{localValue:24, serverValue:31025}] to server cluster0-shard-00-01-p47vy.mongodb.net:27017
05:10:43.701 [cluster-ClusterId{value='5d6079795105a11fb0112eac', description='null'}-cluster0-shard-00-00-p47vy.mongodb.net:27017] DEBUG org.mongodb.driver.protocol.command - Execution of command with request id 133 completed successfully in 315.08 ms on connection [connectionId{localValue:26, serverValue:34630}] to server cluster0-shard-00-00-p47vy.mongodb.net:27017
05:10:43.701 [cluster-ClusterId{value='5d6079795105a11fb0112eac', description='null'}-cluster0-shard-00-02-p47vy.mongodb.net:27017] DEBUG org.mongodb.driver.protocol.command - Execution of command with request id 132 completed successfully in 315.40 ms on connection [connectionId{localValue:25, serverValue:31222}] to server cluster0-shard-00-02-p47vy.mongodb.net:27017
05:10:43.701 [cluster-ClusterId{value='5d6079795105a11fb0112eac', description='null'}-cluster0-shard-00-00-p47vy.mongodb.net:27017] INFO org.mongodb.driver.cluster - Monitor thread successfully connected to server with description ServerDescription{address=cluster0-shard-00-00-p47vy.mongodb.net:27017, type=REPLICA_SET_PRIMARY, state=CONNECTED, ok=true, version=ServerVersion{versionList=[4, 0, 12]}, minWireVersion=0, maxWireVersion=7, maxDocumentSize=16777216, logicalSessionTimeoutMinutes=30, roundTripTimeNanos=316046492, setName='Cluster0-shard-0', canonicalAddress=cluster0-shard-00-00-p47vy.mongodb.net:27017, hosts=[cluster0-shard-00-02-p47vy.mongodb.net:27017, cluster0-shard-00-01-p47vy.mongodb.net:27017, cluster0-shard-00-00-p47vy.mongodb.net:27017], passives=[], arbiters=[], primary='cluster0-shard-00-00-p47vy.mongodb.net:27017', tagSet=TagSet{[Tag{name='provider', value='AWS'}, Tag{name='nodeType', value='ELECTABLE'}, Tag{name='region', value='US_EAST_1'}]}, electionId=7fffffff0000000000000001, setVersion=1, lastWriteDate=Sat Aug 24 10:40:43 IST 2019, lastUpdateTimeNanos=6325814988073}
05:10:43.701 [cluster-ClusterId{value='5d6079795105a11fb0112eac', description='null'}-cluster0-shard-00-02-p47vy.mongodb.net:27017] INFO org.mongodb.driver.cluster - Monitor thread successfully connected to server with description ServerDescription{address=cluster0-shard-00-02-p47vy.mongodb.net:27017, type=REPLICA_SET_SECONDARY, state=CONNECTED, ok=true, version=ServerVersion{versionList=[4, 0, 12]}, minWireVersion=0, maxWireVersion=7, maxDocumentSize=16777216, logicalSessionTimeoutMinutes=30, roundTripTimeNanos=316050474, setName='Cluster0-shard-0', canonicalAddress=cluster0-shard-00-02-p47vy.mongodb.net:27017, hosts=[cluster0-shard-00-02-p47vy.mongodb.net:27017, cluster0-shard-00-01-p47vy.mongodb.net:27017, cluster0-shard-00-00-p47vy.mongodb.net:27017], passives=[], arbiters=[], primary='cluster0-shard-00-00-p47vy.mongodb.net:27017', tagSet=TagSet{[Tag{name='region', value='US_EAST_1'}, Tag{name='provider', value='AWS'}, Tag{name='nodeType', value='ELECTABLE'}]}, electionId=null, setVersion=1, lastWriteDate=Sat Aug 24 10:40:43 IST 2019, lastUpdateTimeNanos=6325815006277}
05:10:43.701 [cluster-ClusterId{value='5d6079795105a11fb0112eac', description='null'}-cluster0-shard-00-01-p47vy.mongodb.net:27017] INFO org.mongodb.driver.cluster - Monitor thread successfully connected to server with description ServerDescription{address=cluster0-shard-00-01-p47vy.mongodb.net:27017, type=REPLICA_SET_SECONDARY, state=CONNECTED, ok=true, version=ServerVersion{versionList=[4, 0, 12]}, minWireVersion=0, maxWireVersion=7, maxDocumentSize=16777216, logicalSessionTimeoutMinutes=30, roundTripTimeNanos=316002118, setName='Cluster0-shard-0', canonicalAddress=cluster0-shard-00-01-p47vy.mongodb.net:27017, hosts=[cluster0-shard-00-02-p47vy.mongodb.net:27017, cluster0-shard-00-01-p47vy.mongodb.net:27017, cluster0-shard-00-00-p47vy.mongodb.net:27017], passives=[], arbiters=[], primary='cluster0-shard-00-00-p47vy.mongodb.net:27017', tagSet=TagSet{[Tag{name='region', value='US_EAST_1'}, Tag{name='provider', value='AWS'}, Tag{name='nodeType', value='ELECTABLE'}]}, electionId=null, setVersion=1, lastWriteDate=Sat Aug 24 10:40:43 IST 2019, lastUpdateTimeNanos=6325814968162}
05:10:43.702 [cluster-ClusterId{value='5d6079795105a11fb0112eac', description='null'}-cluster0-shard-00-00-p47vy.mongodb.net:27017] INFO org.mongodb.driver.cluster - Setting max election id to 7fffffff0000000000000001 from replica set primary cluster0-shard-00-00-p47vy.mongodb.net:27017
05:10:43.702 [cluster-ClusterId{value='5d6079795105a11fb0112eac', description='null'}-cluster0-shard-00-00-p47vy.mongodb.net:27017] INFO org.mongodb.driver.cluster - Setting max set version to 1 from replica set primary cluster0-shard-00-00-p47vy.mongodb.net:27017
05:10:43.702 [cluster-ClusterId{value='5d6079795105a11fb0112eac', description='null'}-cluster0-shard-00-00-p47vy.mongodb.net:27017] INFO org.mongodb.driver.cluster - Discovered replica set primary cluster0-shard-00-00-p47vy.mongodb.net:27017
05:10:43.702 [cluster-ClusterId{value='5d6079795105a11fb0112eac', description='null'}-cluster0-shard-00-00-p47vy.mongodb.net:27017] DEBUG org.mongodb.driver.cluster - Updating cluster description to  {type=REPLICA_SET, servers=[{address=cluster0-shard-00-02-p47vy.mongodb.net:27017, type=UNKNOWN, state=CONNECTING}, {address=cluster0-shard-00-01-p47vy.mongodb.net:27017, type=UNKNOWN, state=CONNECTING}, {address=cluster0-shard-00-00-p47vy.mongodb.net:27017, type=REPLICA_SET_PRIMARY, TagSet{[Tag{name='provider', value='AWS'}, Tag{name='nodeType', value='ELECTABLE'}, Tag{name='region', value='US_EAST_1'}]}, roundTripTime=316.0 ms, state=CONNECTED}]
05:10:43.702 [cluster-ClusterId{value='5d6079795105a11fb0112eac', description='null'}-cluster0-shard-00-01-p47vy.mongodb.net:27017] DEBUG org.mongodb.driver.cluster - Updating cluster description to  {type=REPLICA_SET, servers=[{address=cluster0-shard-00-02-p47vy.mongodb.net:27017, type=UNKNOWN, state=CONNECTING}, {address=cluster0-shard-00-01-p47vy.mongodb.net:27017, type=REPLICA_SET_SECONDARY, TagSet{[Tag{name='region', value='US_EAST_1'}, Tag{name='provider', value='AWS'}, Tag{name='nodeType', value='ELECTABLE'}]}, roundTripTime=316.0 ms, state=CONNECTED}, {address=cluster0-shard-00-00-p47vy.mongodb.net:27017, type=REPLICA_SET_PRIMARY, TagSet{[Tag{name='provider', value='AWS'}, Tag{name='nodeType', value='ELECTABLE'}, Tag{name='region', value='US_EAST_1'}]}, roundTripTime=316.0 ms, state=CONNECTED}]
05:10:43.702 [cluster-ClusterId{value='5d6079795105a11fb0112eac', description='null'}-cluster0-shard-00-02-p47vy.mongodb.net:27017] DEBUG org.mongodb.driver.cluster - Updating cluster description to  {type=REPLICA_SET, servers=[{address=cluster0-shard-00-02-p47vy.mongodb.net:27017, type=REPLICA_SET_SECONDARY, TagSet{[Tag{name='region', value='US_EAST_1'}, Tag{name='provider', value='AWS'}, Tag{name='nodeType', value='ELECTABLE'}]}, roundTripTime=316.1 ms, state=CONNECTED}, {address=cluster0-shard-00-01-p47vy.mongodb.net:27017, type=REPLICA_SET_SECONDARY, TagSet{[Tag{name='region', value='US_EAST_1'}, Tag{name='provider', value='AWS'}, Tag{name='nodeType', value='ELECTABLE'}]}, roundTripTime=316.0 ms, state=CONNECTED}, {address=cluster0-shard-00-00-p47vy.mongodb.net:27017, type=REPLICA_SET_PRIMARY, TagSet{[Tag{name='provider', value='AWS'}, Tag{name='nodeType', value='ELECTABLE'}, Tag{name='region', value='US_EAST_1'}]}, roundTripTime=316.0 ms, state=CONNECTED}]
05:10:43.735 [main] INFO org.mongodb.driver.cluster - Cluster created with settings {hosts=[cluster0-shard-00-02-p47vy.mongodb.net:27017, cluster0-shard-00-00-p47vy.mongodb.net:27017, cluster0-shard-00-01-p47vy.mongodb.net:27017], mode=MULTIPLE, requiredClusterType=REPLICA_SET, serverSelectionTimeout='30000 ms', maxWaitQueueSize=500, requiredReplicaSetName='Cluster0-shard-0'}
05:10:43.735 [main] INFO org.mongodb.driver.cluster - Adding discovered server cluster0-shard-00-02-p47vy.mongodb.net:27017 to client view of cluster
05:10:43.735 [main] INFO org.mongodb.driver.cluster - Adding discovered server cluster0-shard-00-00-p47vy.mongodb.net:27017 to client view of cluster
05:10:43.735 [main] INFO org.mongodb.driver.cluster - Adding discovered server cluster0-shard-00-01-p47vy.mongodb.net:27017 to client view of cluster
05:10:43.735 [main] DEBUG org.mongodb.driver.cluster - Updating cluster description to  {type=REPLICA_SET, servers=[{address=cluster0-shard-00-02-p47vy.mongodb.net:27017, type=UNKNOWN, state=CONNECTING}, {address=cluster0-shard-00-01-p47vy.mongodb.net:27017, type=UNKNOWN, state=CONNECTING}, {address=cluster0-shard-00-00-p47vy.mongodb.net:27017, type=UNKNOWN, state=CONNECTING}]
05:10:43.738 [main] INFO org.mongodb.driver.cluster - No server chosen by com.mongodb.client.internal.MongoClientDelegate$1@f107c50 from cluster description ClusterDescription{type=REPLICA_SET, connectionMode=MULTIPLE, serverDescriptions=[ServerDescription{address=cluster0-shard-00-02-p47vy.mongodb.net:27017, type=UNKNOWN, state=CONNECTING}, ServerDescription{address=cluster0-shard-00-01-p47vy.mongodb.net:27017, type=UNKNOWN, state=CONNECTING}, ServerDescription{address=cluster0-shard-00-00-p47vy.mongodb.net:27017, type=UNKNOWN, state=CONNECTING}]}. Waiting for 30000 ms before timing out
05:10:44.108 [cluster-ClusterId{value='5d60796f5105a11fb0112eaa', description='null'}-cluster0-shard-00-01-p47vy.mongodb.net:27017] DEBUG org.mongodb.driver.cluster - Checking status of cluster0-shard-00-01-p47vy.mongodb.net:27017
05:10:44.108 [cluster-ClusterId{value='5d60796f5105a11fb0112eaa', description='null'}-cluster0-shard-00-02-p47vy.mongodb.net:27017] DEBUG org.mongodb.driver.cluster - Checking status of cluster0-shard-00-02-p47vy.mongodb.net:27017
05:10:44.108 [cluster-ClusterId{value='5d60796f5105a11fb0112eaa', description='null'}-cluster0-shard-00-00-p47vy.mongodb.net:27017] DEBUG org.mongodb.driver.cluster - Checking status of cluster0-shard-00-00-p47vy.mongodb.net:27017
05:10:44.108 [cluster-ClusterId{value='5d60796f5105a11fb0112eaa', description='null'}-cluster0-shard-00-01-p47vy.mongodb.net:27017] DEBUG org.mongodb.driver.protocol.command - Sending command '{ "ismaster" : 1, "$db" : "admin", "$clusterTime" : { "clusterTime" : { "$timestamp" : { "t" : 1566623437, "i" : 1 } }, "signature" : { "hash" : { "$binary" : { "base64" : "uCzq4fsaHsEfn78UtFrnkjwUmBU=", "subType" : "00" } }, "keyId" : 6727639972205035521 } } }' with request id 139 to database admin on connection [connectionId{localValue:19, serverValue:31025}] to server cluster0-shard-00-01-p47vy.mongodb.net:27017
05:10:44.108 [cluster-ClusterId{value='5d60796f5105a11fb0112eaa', description='null'}-cluster0-shard-00-00-p47vy.mongodb.net:27017] DEBUG org.mongodb.driver.protocol.command - Sending command '{ "ismaster" : 1, "$db" : "admin", "$clusterTime" : { "clusterTime" : { "$timestamp" : { "t" : 1566623437, "i" : 1 } }, "signature" : { "hash" : { "$binary" : { "base64" : "uCzq4fsaHsEfn78UtFrnkjwUmBU=", "subType" : "00" } }, "keyId" : 6727639972205035521 } } }' with request id 140 to database admin on connection [connectionId{localValue:18, serverValue:29210}] to server cluster0-shard-00-00-p47vy.mongodb.net:27017
05:10:44.108 [cluster-ClusterId{value='5d60796f5105a11fb0112eaa', description='null'}-cluster0-shard-00-02-p47vy.mongodb.net:27017] DEBUG org.mongodb.driver.protocol.command - Sending command '{ "ismaster" : 1, "$db" : "admin", "$clusterTime" : { "clusterTime" : { "$timestamp" : { "t" : 1566623437, "i" : 1 } }, "signature" : { "hash" : { "$binary" : { "base64" : "uCzq4fsaHsEfn78UtFrnkjwUmBU=", "subType" : "00" } }, "keyId" : 6727639972205035521 } } }' with request id 138 to database admin on connection [connectionId{localValue:17, serverValue:31222}] to server cluster0-shard-00-02-p47vy.mongodb.net:27017
05:10:44.384 [cluster-ClusterId{value='5d60796f5105a11fb0112eaa', description='null'}-cluster0-shard-00-01-p47vy.mongodb.net:27017] DEBUG org.mongodb.driver.protocol.command - Execution of command with request id 139 completed successfully in 275.56 ms on connection [connectionId{localValue:19, serverValue:31025}] to server cluster0-shard-00-01-p47vy.mongodb.net:27017
05:10:44.385 [cluster-ClusterId{value='5d60796f5105a11fb0112eaa', description='null'}-cluster0-shard-00-01-p47vy.mongodb.net:27017] DEBUG org.mongodb.driver.cluster - Updating cluster description to  {type=REPLICA_SET, servers=[{address=cluster0-shard-00-02-p47vy.mongodb.net:27017, type=REPLICA_SET_SECONDARY, TagSet{[Tag{name='region', value='US_EAST_1'}, Tag{name='provider', value='AWS'}, Tag{name='nodeType', value='ELECTABLE'}]}, roundTripTime=325.4 ms, state=CONNECTED}, {address=cluster0-shard-00-01-p47vy.mongodb.net:27017, type=REPLICA_SET_SECONDARY, TagSet{[Tag{name='region', value='US_EAST_1'}, Tag{name='provider', value='AWS'}, Tag{name='nodeType', value='ELECTABLE'}]}, roundTripTime=315.5 ms, state=CONNECTED}, {address=cluster0-shard-00-00-p47vy.mongodb.net:27017, type=REPLICA_SET_PRIMARY, TagSet{[Tag{name='provider', value='AWS'}, Tag{name='nodeType', value='ELECTABLE'}, Tag{name='region', value='US_EAST_1'}]}, roundTripTime=325.4 ms, state=CONNECTED}]
05:10:44.388 [cluster-ClusterId{value='5d60796f5105a11fb0112eaa', description='null'}-cluster0-shard-00-00-p47vy.mongodb.net:27017] DEBUG org.mongodb.driver.protocol.command - Execution of command with request id 140 completed successfully in 278.94 ms on connection [connectionId{localValue:18, serverValue:29210}] to server cluster0-shard-00-00-p47vy.mongodb.net:27017
05:10:44.388 [cluster-ClusterId{value='5d60796f5105a11fb0112eaa', description='null'}-cluster0-shard-00-02-p47vy.mongodb.net:27017] DEBUG org.mongodb.driver.protocol.command - Execution of command with request id 138 completed successfully in 278.99 ms on connection [connectionId{localValue:17, serverValue:31222}] to server cluster0-shard-00-02-p47vy.mongodb.net:27017
05:10:44.388 [cluster-ClusterId{value='5d60796f5105a11fb0112eaa', description='null'}-cluster0-shard-00-00-p47vy.mongodb.net:27017] DEBUG org.mongodb.driver.cluster - Updating cluster description to  {type=REPLICA_SET, servers=[{address=cluster0-shard-00-02-p47vy.mongodb.net:27017, type=REPLICA_SET_SECONDARY, TagSet{[Tag{name='region', value='US_EAST_1'}, Tag{name='provider', value='AWS'}, Tag{name='nodeType', value='ELECTABLE'}]}, roundTripTime=325.4 ms, state=CONNECTED}, {address=cluster0-shard-00-01-p47vy.mongodb.net:27017, type=REPLICA_SET_SECONDARY, TagSet{[Tag{name='region', value='US_EAST_1'}, Tag{name='provider', value='AWS'}, Tag{name='nodeType', value='ELECTABLE'}]}, roundTripTime=315.5 ms, state=CONNECTED}, {address=cluster0-shard-00-00-p47vy.mongodb.net:27017, type=REPLICA_SET_PRIMARY, TagSet{[Tag{name='provider', value='AWS'}, Tag{name='nodeType', value='ELECTABLE'}, Tag{name='region', value='US_EAST_1'}]}, roundTripTime=316.2 ms, state=CONNECTED}]
05:10:44.388 [cluster-ClusterId{value='5d60796f5105a11fb0112eaa', description='null'}-cluster0-shard-00-02-p47vy.mongodb.net:27017] DEBUG org.mongodb.driver.cluster - Updating cluster description to  {type=REPLICA_SET, servers=[{address=cluster0-shard-00-02-p47vy.mongodb.net:27017, type=REPLICA_SET_SECONDARY, TagSet{[Tag{name='region', value='US_EAST_1'}, Tag{name='provider', value='AWS'}, Tag{name='nodeType', value='ELECTABLE'}]}, roundTripTime=316.3 ms, state=CONNECTED}, {address=cluster0-shard-00-01-p47vy.mongodb.net:27017, type=REPLICA_SET_SECONDARY, TagSet{[Tag{name='region', value='US_EAST_1'}, Tag{name='provider', value='AWS'}, Tag{name='nodeType', value='ELECTABLE'}]}, roundTripTime=315.5 ms, state=CONNECTED}, {address=cluster0-shard-00-00-p47vy.mongodb.net:27017, type=REPLICA_SET_PRIMARY, TagSet{[Tag{name='provider', value='AWS'}, Tag{name='nodeType', value='ELECTABLE'}, Tag{name='region', value='US_EAST_1'}]}, roundTripTime=316.2 ms, state=CONNECTED}]
05:10:45.469 [cluster-ClusterId{value='5d60797b5105a11fb0112ead', description='null'}-cluster0-shard-00-00-p47vy.mongodb.net:27017] INFO org.mongodb.driver.connection - Opened connection [connectionId{localValue:28, serverValue:33854}] to cluster0-shard-00-00-p47vy.mongodb.net:27017
05:10:45.469 [cluster-ClusterId{value='5d60797b5105a11fb0112ead', description='null'}-cluster0-shard-00-00-p47vy.mongodb.net:27017] DEBUG org.mongodb.driver.cluster - Checking status of cluster0-shard-00-00-p47vy.mongodb.net:27017
05:10:45.469 [cluster-ClusterId{value='5d60797b5105a11fb0112ead', description='null'}-cluster0-shard-00-00-p47vy.mongodb.net:27017] DEBUG org.mongodb.driver.protocol.command - Sending command '{ "ismaster" : 1, "$db" : "admin" }' with request id 147 to database admin on connection [connectionId{localValue:28, serverValue:33854}] to server cluster0-shard-00-00-p47vy.mongodb.net:27017
05:10:45.475 [cluster-ClusterId{value='5d60797b5105a11fb0112ead', description='null'}-cluster0-shard-00-01-p47vy.mongodb.net:27017] INFO org.mongodb.driver.connection - Opened connection [connectionId{localValue:29, serverValue:31025}] to cluster0-shard-00-01-p47vy.mongodb.net:27017
05:10:45.475 [cluster-ClusterId{value='5d60797b5105a11fb0112ead', description='null'}-cluster0-shard-00-02-p47vy.mongodb.net:27017] INFO org.mongodb.driver.connection - Opened connection [connectionId{localValue:27, serverValue:31228}] to cluster0-shard-00-02-p47vy.mongodb.net:27017
05:10:45.475 [cluster-ClusterId{value='5d60797b5105a11fb0112ead', description='null'}-cluster0-shard-00-01-p47vy.mongodb.net:27017] DEBUG org.mongodb.driver.cluster - Checking status of cluster0-shard-00-01-p47vy.mongodb.net:27017
05:10:45.475 [cluster-ClusterId{value='5d60797b5105a11fb0112ead', description='null'}-cluster0-shard-00-02-p47vy.mongodb.net:27017] DEBUG org.mongodb.driver.cluster - Checking status of cluster0-shard-00-02-p47vy.mongodb.net:27017
05:10:45.475 [cluster-ClusterId{value='5d60797b5105a11fb0112ead', description='null'}-cluster0-shard-00-02-p47vy.mongodb.net:27017] DEBUG org.mongodb.driver.protocol.command - Sending command '{ "ismaster" : 1, "$db" : "admin" }' with request id 149 to database admin on connection [connectionId{localValue:27, serverValue:31228}] to server cluster0-shard-00-02-p47vy.mongodb.net:27017
05:10:45.475 [cluster-ClusterId{value='5d60797b5105a11fb0112ead', description='null'}-cluster0-shard-00-01-p47vy.mongodb.net:27017] DEBUG org.mongodb.driver.protocol.command - Sending command '{ "ismaster" : 1, "$db" : "admin" }' with request id 148 to database admin on connection [connectionId{localValue:29, serverValue:31025}] to server cluster0-shard-00-01-p47vy.mongodb.net:27017
05:10:45.863 [cluster-ClusterId{value='5d60797b5105a11fb0112ead', description='null'}-cluster0-shard-00-01-p47vy.mongodb.net:27017] DEBUG org.mongodb.driver.protocol.command - Execution of command with request id 148 completed successfully in 386.84 ms on connection [connectionId{localValue:29, serverValue:31025}] to server cluster0-shard-00-01-p47vy.mongodb.net:27017
05:10:45.863 [cluster-ClusterId{value='5d60797b5105a11fb0112ead', description='null'}-cluster0-shard-00-00-p47vy.mongodb.net:27017] DEBUG org.mongodb.driver.protocol.command - Execution of command with request id 147 completed successfully in 393.53 ms on connection [connectionId{localValue:28, serverValue:33854}] to server cluster0-shard-00-00-p47vy.mongodb.net:27017
05:10:45.863 [cluster-ClusterId{value='5d60797b5105a11fb0112ead', description='null'}-cluster0-shard-00-02-p47vy.mongodb.net:27017] DEBUG org.mongodb.driver.protocol.command - Execution of command with request id 149 completed successfully in 386.81 ms on connection [connectionId{localValue:27, serverValue:31228}] to server cluster0-shard-00-02-p47vy.mongodb.net:27017
05:10:45.863 [cluster-ClusterId{value='5d60797b5105a11fb0112ead', description='null'}-cluster0-shard-00-00-p47vy.mongodb.net:27017] INFO org.mongodb.driver.cluster - Monitor thread successfully connected to server with description ServerDescription{address=cluster0-shard-00-00-p47vy.mongodb.net:27017, type=REPLICA_SET_PRIMARY, state=CONNECTED, ok=true, version=ServerVersion{versionList=[4, 0, 12]}, minWireVersion=0, maxWireVersion=7, maxDocumentSize=16777216, logicalSessionTimeoutMinutes=30, roundTripTimeNanos=394185154, setName='Cluster0-shard-0', canonicalAddress=cluster0-shard-00-00-p47vy.mongodb.net:27017, hosts=[cluster0-shard-00-02-p47vy.mongodb.net:27017, cluster0-shard-00-01-p47vy.mongodb.net:27017, cluster0-shard-00-00-p47vy.mongodb.net:27017], passives=[], arbiters=[], primary='cluster0-shard-00-00-p47vy.mongodb.net:27017', tagSet=TagSet{[Tag{name='provider', value='AWS'}, Tag{name='nodeType', value='ELECTABLE'}, Tag{name='region', value='US_EAST_1'}]}, electionId=7fffffff0000000000000001, setVersion=1, lastWriteDate=Sat Aug 24 10:40:45 IST 2019, lastUpdateTimeNanos=6327976640833}
05:10:45.863 [cluster-ClusterId{value='5d60797b5105a11fb0112ead', description='null'}-cluster0-shard-00-01-p47vy.mongodb.net:27017] INFO org.mongodb.driver.cluster - Monitor thread successfully connected to server with description ServerDescription{address=cluster0-shard-00-01-p47vy.mongodb.net:27017, type=REPLICA_SET_SECONDARY, state=CONNECTED, ok=true, version=ServerVersion{versionList=[4, 0, 12]}, minWireVersion=0, maxWireVersion=7, maxDocumentSize=16777216, logicalSessionTimeoutMinutes=30, roundTripTimeNanos=387594002, setName='Cluster0-shard-0', canonicalAddress=cluster0-shard-00-01-p47vy.mongodb.net:27017, hosts=[cluster0-shard-00-02-p47vy.mongodb.net:27017, cluster0-shard-00-01-p47vy.mongodb.net:27017, cluster0-shard-00-00-p47vy.mongodb.net:27017], passives=[], arbiters=[], primary='cluster0-shard-00-00-p47vy.mongodb.net:27017', tagSet=TagSet{[Tag{name='region', value='US_EAST_1'}, Tag{name='provider', value='AWS'}, Tag{name='nodeType', value='ELECTABLE'}]}, electionId=null, setVersion=1, lastWriteDate=Sat Aug 24 10:40:45 IST 2019, lastUpdateTimeNanos=6327976641971}
05:10:45.863 [cluster-ClusterId{value='5d60797b5105a11fb0112ead', description='null'}-cluster0-shard-00-02-p47vy.mongodb.net:27017] INFO org.mongodb.driver.cluster - Monitor thread successfully connected to server with description ServerDescription{address=cluster0-shard-00-02-p47vy.mongodb.net:27017, type=REPLICA_SET_SECONDARY, state=CONNECTED, ok=true, version=ServerVersion{versionList=[4, 0, 12]}, minWireVersion=0, maxWireVersion=7, maxDocumentSize=16777216, logicalSessionTimeoutMinutes=30, roundTripTimeNanos=387557593, setName='Cluster0-shard-0', canonicalAddress=cluster0-shard-00-02-p47vy.mongodb.net:27017, hosts=[cluster0-shard-00-02-p47vy.mongodb.net:27017, cluster0-shard-00-01-p47vy.mongodb.net:27017, cluster0-shard-00-00-p47vy.mongodb.net:27017], passives=[], arbiters=[], primary='cluster0-shard-00-00-p47vy.mongodb.net:27017', tagSet=TagSet{[Tag{name='region', value='US_EAST_1'}, Tag{name='provider', value='AWS'}, Tag{name='nodeType', value='ELECTABLE'}]}, electionId=null, setVersion=1, lastWriteDate=Sat Aug 24 10:40:45 IST 2019, lastUpdateTimeNanos=6327976640833}
05:10:45.864 [cluster-ClusterId{value='5d60797b5105a11fb0112ead', description='null'}-cluster0-shard-00-00-p47vy.mongodb.net:27017] INFO org.mongodb.driver.cluster - Setting max election id to 7fffffff0000000000000001 from replica set primary cluster0-shard-00-00-p47vy.mongodb.net:27017
05:10:45.864 [cluster-ClusterId{value='5d60797b5105a11fb0112ead', description='null'}-cluster0-shard-00-00-p47vy.mongodb.net:27017] INFO org.mongodb.driver.cluster - Setting max set version to 1 from replica set primary cluster0-shard-00-00-p47vy.mongodb.net:27017
05:10:45.864 [cluster-ClusterId{value='5d60797b5105a11fb0112ead', description='null'}-cluster0-shard-00-00-p47vy.mongodb.net:27017] INFO org.mongodb.driver.cluster - Discovered replica set primary cluster0-shard-00-00-p47vy.mongodb.net:27017
05:10:45.864 [cluster-ClusterId{value='5d60797b5105a11fb0112ead', description='null'}-cluster0-shard-00-00-p47vy.mongodb.net:27017] DEBUG org.mongodb.driver.cluster - Updating cluster description to  {type=REPLICA_SET, servers=[{address=cluster0-shard-00-02-p47vy.mongodb.net:27017, type=UNKNOWN, state=CONNECTING}, {address=cluster0-shard-00-01-p47vy.mongodb.net:27017, type=UNKNOWN, state=CONNECTING}, {address=cluster0-shard-00-00-p47vy.mongodb.net:27017, type=REPLICA_SET_PRIMARY, TagSet{[Tag{name='provider', value='AWS'}, Tag{name='nodeType', value='ELECTABLE'}, Tag{name='region', value='US_EAST_1'}]}, roundTripTime=394.2 ms, state=CONNECTED}]
05:10:45.864 [cluster-ClusterId{value='5d60797b5105a11fb0112ead', description='null'}-cluster0-shard-00-02-p47vy.mongodb.net:27017] DEBUG org.mongodb.driver.cluster - Updating cluster description to  {type=REPLICA_SET, servers=[{address=cluster0-shard-00-02-p47vy.mongodb.net:27017, type=REPLICA_SET_SECONDARY, TagSet{[Tag{name='region', value='US_EAST_1'}, Tag{name='provider', value='AWS'}, Tag{name='nodeType', value='ELECTABLE'}]}, roundTripTime=387.6 ms, state=CONNECTED}, {address=cluster0-shard-00-01-p47vy.mongodb.net:27017, type=UNKNOWN, state=CONNECTING}, {address=cluster0-shard-00-00-p47vy.mongodb.net:27017, type=REPLICA_SET_PRIMARY, TagSet{[Tag{name='provider', value='AWS'}, Tag{name='nodeType', value='ELECTABLE'}, Tag{name='region', value='US_EAST_1'}]}, roundTripTime=394.2 ms, state=CONNECTED}]
05:10:45.865 [cluster-ClusterId{value='5d60797b5105a11fb0112ead', description='null'}-cluster0-shard-00-01-p47vy.mongodb.net:27017] DEBUG org.mongodb.driver.cluster - Updating cluster description to  {type=REPLICA_SET, servers=[{address=cluster0-shard-00-02-p47vy.mongodb.net:27017, type=REPLICA_SET_SECONDARY, TagSet{[Tag{name='region', value='US_EAST_1'}, Tag{name='provider', value='AWS'}, Tag{name='nodeType', value='ELECTABLE'}]}, roundTripTime=387.6 ms, state=CONNECTED}, {address=cluster0-shard-00-01-p47vy.mongodb.net:27017, type=REPLICA_SET_SECONDARY, TagSet{[Tag{name='region', value='US_EAST_1'}, Tag{name='provider', value='AWS'}, Tag{name='nodeType', value='ELECTABLE'}]}, roundTripTime=387.6 ms, state=CONNECTED}, {address=cluster0-shard-00-00-p47vy.mongodb.net:27017, type=REPLICA_SET_PRIMARY, TagSet{[Tag{name='provider', value='AWS'}, Tag{name='nodeType', value='ELECTABLE'}, Tag{name='region', value='US_EAST_1'}]}, roundTripTime=394.2 ms, state=CONNECTED}]
05:10:48.664 [cluster-ClusterId{value='5d60795f5105a11fb0112ea4', description='null'}-cluster0-shard-00-01-p47vy.mongodb.net:27017] DEBUG org.mongodb.driver.cluster - Checking status of cluster0-shard-00-01-p47vy.mongodb.net:27017
05:10:48.664 [cluster-ClusterId{value='5d60795f5105a11fb0112ea4', description='null'}-cluster0-shard-00-02-p47vy.mongodb.net:27017] DEBUG org.mongodb.driver.cluster - Checking status of cluster0-shard-00-02-p47vy.mongodb.net:27017
05:10:48.664 [cluster-ClusterId{value='5d60795f5105a11fb0112ea4', description='null'}-cluster0-shard-00-00-p47vy.mongodb.net:27017] DEBUG org.mongodb.driver.cluster - Checking status of cluster0-shard-00-00-p47vy.mongodb.net:27017
05:10:48.664 [cluster-ClusterId{value='5d60795f5105a11fb0112ea4', description='null'}-cluster0-shard-00-01-p47vy.mongodb.net:27017] DEBUG org.mongodb.driver.protocol.command - Sending command '{ "ismaster" : 1, "$db" : "admin", "$clusterTime" : { "clusterTime" : { "$timestamp" : { "t" : 1566623438, "i" : 1 } }, "signature" : { "hash" : { "$binary" : { "base64" : "fH4Nd/oJ5rleJhCD8brPC//KF2s=", "subType" : "00" } }, "keyId" : 6727639972205035521 } } }' with request id 156 to database admin on connection [connectionId{localValue:1, serverValue:31025}] to server cluster0-shard-00-01-p47vy.mongodb.net:27017
05:10:48.664 [cluster-ClusterId{value='5d60795f5105a11fb0112ea4', description='null'}-cluster0-shard-00-02-p47vy.mongodb.net:27017] DEBUG org.mongodb.driver.protocol.command - Sending command '{ "ismaster" : 1, "$db" : "admin", "$clusterTime" : { "clusterTime" : { "$timestamp" : { "t" : 1566623438, "i" : 1 } }, "signature" : { "hash" : { "$binary" : { "base64" : "fH4Nd/oJ5rleJhCD8brPC//KF2s=", "subType" : "00" } }, "keyId" : 6727639972205035521 } } }' with request id 157 to database admin on connection [connectionId{localValue:3, serverValue:32103}] to server cluster0-shard-00-02-p47vy.mongodb.net:27017
05:10:48.664 [cluster-ClusterId{value='5d60795f5105a11fb0112ea4', description='null'}-cluster0-shard-00-00-p47vy.mongodb.net:27017] DEBUG org.mongodb.driver.protocol.command - Sending command '{ "ismaster" : 1, "$db" : "admin", "$clusterTime" : { "clusterTime" : { "$timestamp" : { "t" : 1566623438, "i" : 1 } }, "signature" : { "hash" : { "$binary" : { "base64" : "fH4Nd/oJ5rleJhCD8brPC//KF2s=", "subType" : "00" } }, "keyId" : 6727639972205035521 } } }' with request id 158 to database admin on connection [connectionId{localValue:2, serverValue:33855}] to server cluster0-shard-00-00-p47vy.mongodb.net:27017
05:10:48.745 [main] INFO org.mongodb.driver.connection - Opened connection [connectionId{localValue:30, serverValue:29210}] to cluster0-shard-00-00-p47vy.mongodb.net:27017
05:10:48.746 [main] DEBUG org.mongodb.driver.protocol.command - Sending command '{ "listDatabases" : 1, "nameOnly" : true, "$db" : "admin", "$clusterTime" : { "clusterTime" : { "$timestamp" : { "t" : 1566623445, "i" : 1 } }, "signature" : { "hash" : { "$binary" : { "base64" : "QLhJAXdjuThO8EFaNwFwL/XFeOE=", "subType" : "00" } }, "keyId" : 6727639972205035521 } }, "lsid" : { "id" : { "$binary" : { "base64" : "zAUEL1SDQwmNOIKjJHawFQ==", "subType" : "04" } } } }' with request id 159 to database admin on connection [connectionId{localValue:30, serverValue:29210}] to server cluster0-shard-00-00-p47vy.mongodb.net:27017
05:10:48.903 [cluster-ClusterId{value='5d60795f5105a11fb0112ea4', description='null'}-cluster0-shard-00-00-p47vy.mongodb.net:27017] DEBUG org.mongodb.driver.protocol.command - Execution of command with request id 158 completed successfully in 238.71 ms on connection [connectionId{localValue:2, serverValue:33855}] to server cluster0-shard-00-00-p47vy.mongodb.net:27017
05:10:48.904 [cluster-ClusterId{value='5d60795f5105a11fb0112ea4', description='null'}-cluster0-shard-00-00-p47vy.mongodb.net:27017] DEBUG org.mongodb.driver.cluster - Updating cluster description to  {type=REPLICA_SET, servers=[{address=cluster0-shard-00-02-p47vy.mongodb.net:27017, type=REPLICA_SET_SECONDARY, TagSet{[Tag{name='region', value='US_EAST_1'}, Tag{name='provider', value='AWS'}, Tag{name='nodeType', value='ELECTABLE'}]}, roundTripTime=286.3 ms, state=CONNECTED}, {address=cluster0-shard-00-01-p47vy.mongodb.net:27017, type=REPLICA_SET_SECONDARY, TagSet{[Tag{name='region', value='US_EAST_1'}, Tag{name='provider', value='AWS'}, Tag{name='nodeType', value='ELECTABLE'}]}, roundTripTime=294.2 ms, state=CONNECTED}, {address=cluster0-shard-00-00-p47vy.mongodb.net:27017, type=REPLICA_SET_PRIMARY, TagSet{[Tag{name='provider', value='AWS'}, Tag{name='nodeType', value='ELECTABLE'}, Tag{name='region', value='US_EAST_1'}]}, roundTripTime=271.5 ms, state=CONNECTED}]
05:10:48.904 [cluster-ClusterId{value='5d60795f5105a11fb0112ea4', description='null'}-cluster0-shard-00-02-p47vy.mongodb.net:27017] DEBUG org.mongodb.driver.protocol.command - Execution of command with request id 157 completed successfully in 240.43 ms on connection [connectionId{localValue:3, serverValue:32103}] to server cluster0-shard-00-02-p47vy.mongodb.net:27017
05:10:48.904 [cluster-ClusterId{value='5d60795f5105a11fb0112ea4', description='null'}-cluster0-shard-00-02-p47vy.mongodb.net:27017] DEBUG org.mongodb.driver.cluster - Updating cluster description to  {type=REPLICA_SET, servers=[{address=cluster0-shard-00-02-p47vy.mongodb.net:27017, type=REPLICA_SET_SECONDARY, TagSet{[Tag{name='region', value='US_EAST_1'}, Tag{name='provider', value='AWS'}, Tag{name='nodeType', value='ELECTABLE'}]}, roundTripTime=277.2 ms, state=CONNECTED}, {address=cluster0-shard-00-01-p47vy.mongodb.net:27017, type=REPLICA_SET_SECONDARY, TagSet{[Tag{name='region', value='US_EAST_1'}, Tag{name='provider', value='AWS'}, Tag{name='nodeType', value='ELECTABLE'}]}, roundTripTime=294.2 ms, state=CONNECTED}, {address=cluster0-shard-00-00-p47vy.mongodb.net:27017, type=REPLICA_SET_PRIMARY, TagSet{[Tag{name='provider', value='AWS'}, Tag{name='nodeType', value='ELECTABLE'}, Tag{name='region', value='US_EAST_1'}]}, roundTripTime=271.5 ms, state=CONNECTED}]
05:10:48.927 [cluster-ClusterId{value='5d60795f5105a11fb0112ea4', description='null'}-cluster0-shard-00-01-p47vy.mongodb.net:27017] DEBUG org.mongodb.driver.protocol.command - Execution of command with request id 156 completed successfully in 263.55 ms on connection [connectionId{localValue:1, serverValue:31025}] to server cluster0-shard-00-01-p47vy.mongodb.net:27017
05:10:48.928 [cluster-ClusterId{value='5d60795f5105a11fb0112ea4', description='null'}-cluster0-shard-00-01-p47vy.mongodb.net:27017] DEBUG org.mongodb.driver.cluster - Updating cluster description to  {type=REPLICA_SET, servers=[{address=cluster0-shard-00-02-p47vy.mongodb.net:27017, type=REPLICA_SET_SECONDARY, TagSet{[Tag{name='region', value='US_EAST_1'}, Tag{name='provider', value='AWS'}, Tag{name='nodeType', value='ELECTABLE'}]}, roundTripTime=277.2 ms, state=CONNECTED}, {address=cluster0-shard-00-01-p47vy.mongodb.net:27017, type=REPLICA_SET_SECONDARY, TagSet{[Tag{name='region', value='US_EAST_1'}, Tag{name='provider', value='AWS'}, Tag{name='nodeType', value='ELECTABLE'}]}, roundTripTime=288.1 ms, state=CONNECTED}, {address=cluster0-shard-00-00-p47vy.mongodb.net:27017, type=REPLICA_SET_PRIMARY, TagSet{[Tag{name='provider', value='AWS'}, Tag{name='nodeType', value='ELECTABLE'}, Tag{name='region', value='US_EAST_1'}]}, roundTripTime=271.5 ms, state=CONNECTED}]
05:10:49.461 [main] DEBUG org.mongodb.driver.protocol.command - Execution of command with request id 159 completed successfully in 715.03 ms on connection [connectionId{localValue:30, serverValue:29210}] to server cluster0-shard-00-00-p47vy.mongodb.net:27017
sample_airbnb
sample_geospatial
sample_mflix
sample_supplies
sample_training
sample_weatherdata
test
admin
local
]]></system-out>
  </testcase>
  <testcase name="MongoClientInstance" classname="mflix.lessons.MongoClientLesson" time="4.194"/>
</testsuite>